[2025-08-28T00:43:06.370+0000] {local_task_job_runner.py:123} INFO - ::group::Pre task execution logs
[2025-08-28T00:43:06.374+0000] {taskinstance.py:2612} INFO - Dependencies all met for dep_context=non-requeueable deps ti=<TaskInstance: march_madness_predictions.preprocess_train manual__2025-08-28T00:43:02.269554+00:00 [queued]>
[2025-08-28T00:43:06.375+0000] {taskinstance.py:2612} INFO - Dependencies all met for dep_context=requeueable deps ti=<TaskInstance: march_madness_predictions.preprocess_train manual__2025-08-28T00:43:02.269554+00:00 [queued]>
[2025-08-28T00:43:06.376+0000] {taskinstance.py:2865} INFO - Starting attempt 1 of 2
[2025-08-28T00:43:06.380+0000] {taskinstance.py:2888} INFO - Executing <Task(BashOperator): preprocess_train> on 2025-08-28 00:43:02.269554+00:00
[2025-08-28T00:43:06.381+0000] {standard_task_runner.py:72} INFO - Started process 114 to run task
[2025-08-28T00:43:06.383+0000] {standard_task_runner.py:104} INFO - Running: ['airflow', 'tasks', 'run', 'march_madness_predictions', 'preprocess_train', 'manual__2025-08-28T00:43:02.269554+00:00', '--job-id', '3', '--raw', '--subdir', 'DAGS_FOLDER/instructions.py', '--cfg-path', '/tmp/tmp7o33noph']
[2025-08-28T00:43:06.384+0000] {standard_task_runner.py:105} INFO - Job 3: Subtask preprocess_train
[2025-08-28T00:43:06.398+0000] {task_command.py:467} INFO - Running <TaskInstance: march_madness_predictions.preprocess_train manual__2025-08-28T00:43:02.269554+00:00 [running]> on host f76330459bdc
[2025-08-28T00:43:06.414+0000] {taskinstance.py:3131} INFO - Exporting env vars: AIRFLOW_CTX_DAG_OWNER='airflow' AIRFLOW_CTX_DAG_ID='march_madness_predictions' AIRFLOW_CTX_TASK_ID='preprocess_train' AIRFLOW_CTX_EXECUTION_DATE='2025-08-28T00:43:02.269554+00:00' AIRFLOW_CTX_TRY_NUMBER='1' AIRFLOW_CTX_DAG_RUN_ID='manual__2025-08-28T00:43:02.269554+00:00'
[2025-08-28T00:43:06.414+0000] {taskinstance.py:731} INFO - ::endgroup::
[2025-08-28T00:43:06.419+0000] {subprocess.py:63} INFO - Tmp dir root location: /tmp
[2025-08-28T00:43:06.419+0000] {subprocess.py:75} INFO - Running command: ['/usr/bin/bash', '-c', 'python /opt/airflow/scripts/preprocess_training.py']
[2025-08-28T00:43:06.421+0000] {subprocess.py:86} INFO - Output:
[2025-08-28T00:43:06.779+0000] {subprocess.py:93} INFO - /opt/airflow/scripts/preprocess_training.py:45: FutureWarning: Setting an item of incompatible dtype is deprecated and will raise in a future error of pandas. Value '0.16666666666666666' has dtype incompatible with int64, please explicitly cast to a compatible dtype first.
[2025-08-28T00:43:06.780+0000] {subprocess.py:93} INFO -   mmkp.loc[(mmkp['Team'] == 'Wisconsin') & (mmkp['Year'] == 2002), 'Winner'] = 1/6
[2025-08-28T00:43:06.908+0000] {subprocess.py:97} INFO - Command exited with return code 0
[2025-08-28T00:43:06.917+0000] {taskinstance.py:340} INFO - ::group::Post task execution logs
[2025-08-28T00:43:06.917+0000] {taskinstance.py:352} INFO - Marking task as SUCCESS. dag_id=march_madness_predictions, task_id=preprocess_train, run_id=manual__2025-08-28T00:43:02.269554+00:00, execution_date=20250828T004302, start_date=20250828T004306, end_date=20250828T004306
[2025-08-28T00:43:06.953+0000] {local_task_job_runner.py:266} INFO - Task exited with return code 0
[2025-08-28T00:43:06.962+0000] {taskinstance.py:3900} INFO - 1 downstream tasks scheduled from follow-on schedule check
[2025-08-28T00:43:06.963+0000] {local_task_job_runner.py:245} INFO - ::endgroup::
