[2025-08-27T17:36:53.417+0000] {local_task_job_runner.py:123} INFO - ::group::Pre task execution logs
[2025-08-27T17:36:53.420+0000] {taskinstance.py:2612} INFO - Dependencies all met for dep_context=non-requeueable deps ti=<TaskInstance: ml_pipeline_simple.train manual__2025-08-27T17:36:40.617220+00:00 [queued]>
[2025-08-27T17:36:53.422+0000] {taskinstance.py:2612} INFO - Dependencies all met for dep_context=requeueable deps ti=<TaskInstance: ml_pipeline_simple.train manual__2025-08-27T17:36:40.617220+00:00 [queued]>
[2025-08-27T17:36:53.422+0000] {taskinstance.py:2865} INFO - Starting attempt 1 of 2
[2025-08-27T17:36:53.427+0000] {taskinstance.py:2888} INFO - Executing <Task(BashOperator): train> on 2025-08-27 17:36:40.617220+00:00
[2025-08-27T17:36:53.429+0000] {standard_task_runner.py:72} INFO - Started process 247 to run task
[2025-08-27T17:36:53.430+0000] {standard_task_runner.py:104} INFO - Running: ['airflow', 'tasks', 'run', 'ml_pipeline_simple', 'train', 'manual__2025-08-27T17:36:40.617220+00:00', '--job-id', '5', '--raw', '--subdir', 'DAGS_FOLDER/instructions.py', '--cfg-path', '/tmp/tmpgbaa4csu']
[2025-08-27T17:36:53.432+0000] {standard_task_runner.py:105} INFO - Job 5: Subtask train
[2025-08-27T17:36:53.445+0000] {task_command.py:467} INFO - Running <TaskInstance: ml_pipeline_simple.train manual__2025-08-27T17:36:40.617220+00:00 [running]> on host 73d5ca51174b
[2025-08-27T17:36:53.462+0000] {taskinstance.py:3131} INFO - Exporting env vars: AIRFLOW_CTX_DAG_OWNER='airflow' AIRFLOW_CTX_DAG_ID='ml_pipeline_simple' AIRFLOW_CTX_TASK_ID='train' AIRFLOW_CTX_EXECUTION_DATE='2025-08-27T17:36:40.617220+00:00' AIRFLOW_CTX_TRY_NUMBER='1' AIRFLOW_CTX_DAG_RUN_ID='manual__2025-08-27T17:36:40.617220+00:00'
[2025-08-27T17:36:53.462+0000] {taskinstance.py:731} INFO - ::endgroup::
[2025-08-27T17:36:53.468+0000] {subprocess.py:63} INFO - Tmp dir root location: /tmp
[2025-08-27T17:36:53.468+0000] {subprocess.py:75} INFO - Running command: ['/usr/bin/bash', '-c', 'python /opt/airflow/scripts/train.py']
[2025-08-27T17:36:53.471+0000] {subprocess.py:86} INFO - Output:
[2025-08-27T17:36:54.014+0000] {subprocess.py:93} INFO - Fitting 5 folds for each of 30 candidates, totalling 150 fits
[2025-08-27T17:36:58.688+0000] {subprocess.py:93} INFO - Best Parameters: {'subsample': 0.6, 'reg_lambda': 2, 'reg_alpha': 0, 'n_estimators': 300, 'max_depth': 3, 'learning_rate': 0.05, 'gamma': 0, 'colsample_bytree': 1.0}
[2025-08-27T17:36:58.688+0000] {subprocess.py:93} INFO - Mean MSE: 0.017414 with Std of 0.002231
[2025-08-27T17:36:58.688+0000] {subprocess.py:93} INFO - Mean MAE: 0.091897
[2025-08-27T17:36:58.692+0000] {subprocess.py:93} INFO - Mean RMSE: 0.131690
[2025-08-27T17:36:58.696+0000] {subprocess.py:93} INFO - Mean R²: 0.640821
[2025-08-27T17:36:58.949+0000] {subprocess.py:97} INFO - Command exited with return code 0
[2025-08-27T17:36:58.956+0000] {taskinstance.py:340} INFO - ::group::Post task execution logs
[2025-08-27T17:36:58.956+0000] {taskinstance.py:352} INFO - Marking task as SUCCESS. dag_id=ml_pipeline_simple, task_id=train, run_id=manual__2025-08-27T17:36:40.617220+00:00, execution_date=20250827T173640, start_date=20250827T173653, end_date=20250827T173658
[2025-08-27T17:36:58.981+0000] {local_task_job_runner.py:266} INFO - Task exited with return code 0
[2025-08-27T17:36:58.987+0000] {taskinstance.py:3900} INFO - 1 downstream tasks scheduled from follow-on schedule check
[2025-08-27T17:36:58.988+0000] {local_task_job_runner.py:245} INFO - ::endgroup::
