[2025-08-27T20:14:06.508+0000] {local_task_job_runner.py:123} INFO - ::group::Pre task execution logs
[2025-08-27T20:14:06.512+0000] {taskinstance.py:2612} INFO - Dependencies all met for dep_context=non-requeueable deps ti=<TaskInstance: march_madness_predictions.train manual__2025-08-27T20:13:53.891428+00:00 [queued]>
[2025-08-27T20:14:06.513+0000] {taskinstance.py:2612} INFO - Dependencies all met for dep_context=requeueable deps ti=<TaskInstance: march_madness_predictions.train manual__2025-08-27T20:13:53.891428+00:00 [queued]>
[2025-08-27T20:14:06.514+0000] {taskinstance.py:2865} INFO - Starting attempt 1 of 2
[2025-08-27T20:14:06.518+0000] {taskinstance.py:2888} INFO - Executing <Task(BashOperator): train> on 2025-08-27 20:13:53.891428+00:00
[2025-08-27T20:14:06.520+0000] {standard_task_runner.py:72} INFO - Started process 247 to run task
[2025-08-27T20:14:06.521+0000] {standard_task_runner.py:104} INFO - Running: ['airflow', 'tasks', 'run', 'march_madness_predictions', 'train', 'manual__2025-08-27T20:13:53.891428+00:00', '--job-id', '5', '--raw', '--subdir', 'DAGS_FOLDER/instructions.py', '--cfg-path', '/tmp/tmpjf5bex73']
[2025-08-27T20:14:06.522+0000] {standard_task_runner.py:105} INFO - Job 5: Subtask train
[2025-08-27T20:14:06.537+0000] {task_command.py:467} INFO - Running <TaskInstance: march_madness_predictions.train manual__2025-08-27T20:13:53.891428+00:00 [running]> on host 2a9514f4e29a
[2025-08-27T20:14:06.569+0000] {taskinstance.py:3131} INFO - Exporting env vars: AIRFLOW_CTX_DAG_OWNER='airflow' AIRFLOW_CTX_DAG_ID='march_madness_predictions' AIRFLOW_CTX_TASK_ID='train' AIRFLOW_CTX_EXECUTION_DATE='2025-08-27T20:13:53.891428+00:00' AIRFLOW_CTX_TRY_NUMBER='1' AIRFLOW_CTX_DAG_RUN_ID='manual__2025-08-27T20:13:53.891428+00:00'
[2025-08-27T20:14:06.569+0000] {taskinstance.py:731} INFO - ::endgroup::
[2025-08-27T20:14:06.575+0000] {subprocess.py:63} INFO - Tmp dir root location: /tmp
[2025-08-27T20:14:06.575+0000] {subprocess.py:75} INFO - Running command: ['/usr/bin/bash', '-c', 'python /opt/airflow/scripts/train.py']
[2025-08-27T20:14:06.578+0000] {subprocess.py:86} INFO - Output:
[2025-08-27T20:14:07.145+0000] {subprocess.py:93} INFO - Fitting 5 folds for each of 30 candidates, totalling 150 fits
[2025-08-27T20:14:12.539+0000] {subprocess.py:93} INFO - Best Parameters: {'subsample': 0.6, 'reg_lambda': 2, 'reg_alpha': 0, 'n_estimators': 300, 'max_depth': 3, 'learning_rate': 0.05, 'gamma': 0, 'colsample_bytree': 1.0}
[2025-08-27T20:14:12.539+0000] {subprocess.py:93} INFO - Mean MSE: 0.017414 with Std of 0.002231
[2025-08-27T20:14:12.539+0000] {subprocess.py:93} INFO - Mean MAE: 0.091897
[2025-08-27T20:14:12.540+0000] {subprocess.py:93} INFO - Mean RMSE: 0.131690
[2025-08-27T20:14:12.540+0000] {subprocess.py:93} INFO - Mean R²: 0.640821
[2025-08-27T20:14:12.812+0000] {subprocess.py:97} INFO - Command exited with return code 0
[2025-08-27T20:14:12.822+0000] {taskinstance.py:340} INFO - ::group::Post task execution logs
[2025-08-27T20:14:12.822+0000] {taskinstance.py:352} INFO - Marking task as SUCCESS. dag_id=march_madness_predictions, task_id=train, run_id=manual__2025-08-27T20:13:53.891428+00:00, execution_date=20250827T201353, start_date=20250827T201406, end_date=20250827T201412
[2025-08-27T20:14:12.854+0000] {local_task_job_runner.py:266} INFO - Task exited with return code 0
[2025-08-27T20:14:12.861+0000] {taskinstance.py:3900} INFO - 1 downstream tasks scheduled from follow-on schedule check
[2025-08-27T20:14:12.863+0000] {local_task_job_runner.py:245} INFO - ::endgroup::
