[2025-08-27T17:19:03.130+0000] {local_task_job_runner.py:123} INFO - ::group::Pre task execution logs
[2025-08-27T17:19:03.133+0000] {taskinstance.py:2612} INFO - Dependencies all met for dep_context=non-requeueable deps ti=<TaskInstance: ml_pipeline_simple.preprocess_train manual__2025-08-27T17:19:01+00:00 [queued]>
[2025-08-27T17:19:03.135+0000] {taskinstance.py:2612} INFO - Dependencies all met for dep_context=requeueable deps ti=<TaskInstance: ml_pipeline_simple.preprocess_train manual__2025-08-27T17:19:01+00:00 [queued]>
[2025-08-27T17:19:03.135+0000] {taskinstance.py:2865} INFO - Starting attempt 1 of 2
[2025-08-27T17:19:03.139+0000] {taskinstance.py:2888} INFO - Executing <Task(BashOperator): preprocess_train> on 2025-08-27 17:19:01+00:00
[2025-08-27T17:19:03.141+0000] {standard_task_runner.py:72} INFO - Started process 101 to run task
[2025-08-27T17:19:03.143+0000] {standard_task_runner.py:104} INFO - Running: ['airflow', 'tasks', 'run', 'ml_pipeline_simple', 'preprocess_train', 'manual__2025-08-27T17:19:01+00:00', '--job-id', '5', '--raw', '--subdir', 'DAGS_FOLDER/instructions.py', '--cfg-path', '/tmp/tmpyepmt4pu']
[2025-08-27T17:19:03.144+0000] {standard_task_runner.py:105} INFO - Job 5: Subtask preprocess_train
[2025-08-27T17:19:03.156+0000] {task_command.py:467} INFO - Running <TaskInstance: ml_pipeline_simple.preprocess_train manual__2025-08-27T17:19:01+00:00 [running]> on host 3ccea16fb536
[2025-08-27T17:19:03.176+0000] {taskinstance.py:3131} INFO - Exporting env vars: AIRFLOW_CTX_DAG_OWNER='airflow' AIRFLOW_CTX_DAG_ID='ml_pipeline_simple' AIRFLOW_CTX_TASK_ID='preprocess_train' AIRFLOW_CTX_EXECUTION_DATE='2025-08-27T17:19:01+00:00' AIRFLOW_CTX_TRY_NUMBER='1' AIRFLOW_CTX_DAG_RUN_ID='manual__2025-08-27T17:19:01+00:00'
[2025-08-27T17:19:03.177+0000] {taskinstance.py:731} INFO - ::endgroup::
[2025-08-27T17:19:03.189+0000] {subprocess.py:63} INFO - Tmp dir root location: /tmp
[2025-08-27T17:19:03.190+0000] {subprocess.py:75} INFO - Running command: ['/usr/bin/bash', '-c', 'python /opt/airflow/scripts/preprocess_training.py']
[2025-08-27T17:19:03.193+0000] {subprocess.py:86} INFO - Output:
[2025-08-27T17:19:03.867+0000] {subprocess.py:93} INFO - /opt/airflow/scripts/preprocess_training.py:45: FutureWarning: Setting an item of incompatible dtype is deprecated and will raise in a future error of pandas. Value '0.16666666666666666' has dtype incompatible with int64, please explicitly cast to a compatible dtype first.
[2025-08-27T17:19:03.870+0000] {subprocess.py:93} INFO -   mmkp.loc[(mmkp['Team'] == 'Wisconsin') & (mmkp['Year'] == 2002), 'Winner'] = 1/6
[2025-08-27T17:19:03.996+0000] {subprocess.py:97} INFO - Command exited with return code 0
[2025-08-27T17:19:04.004+0000] {taskinstance.py:340} INFO - ::group::Post task execution logs
[2025-08-27T17:19:04.004+0000] {taskinstance.py:352} INFO - Marking task as SUCCESS. dag_id=ml_pipeline_simple, task_id=preprocess_train, run_id=manual__2025-08-27T17:19:01+00:00, execution_date=20250827T171901, start_date=20250827T171903, end_date=20250827T171904
[2025-08-27T17:19:04.030+0000] {local_task_job_runner.py:266} INFO - Task exited with return code 0
[2025-08-27T17:19:04.037+0000] {taskinstance.py:3900} INFO - 1 downstream tasks scheduled from follow-on schedule check
[2025-08-27T17:19:04.038+0000] {local_task_job_runner.py:245} INFO - ::endgroup::
