[2025-08-27T20:00:51.700+0000] {processor.py:186} INFO - Started process (PID=54) to work on /opt/airflow/dags/instructions.py
[2025-08-27T20:00:51.700+0000] {processor.py:914} INFO - Processing file /opt/airflow/dags/instructions.py for tasks to queue
[2025-08-27T20:00:51.702+0000] {logging_mixin.py:190} INFO - [2025-08-27T20:00:51.701+0000] {dagbag.py:588} INFO - Filling up the DagBag from /opt/airflow/dags/instructions.py
[2025-08-27T20:00:51.707+0000] {processor.py:925} INFO - DAG(s) 'march_madness_predictions' retrieved from /opt/airflow/dags/instructions.py
[2025-08-27T20:00:51.805+0000] {logging_mixin.py:190} INFO - [2025-08-27T20:00:51.805+0000] {override.py:1900} INFO - Created Permission View: can delete on DAG:march_madness_predictions
[2025-08-27T20:00:51.809+0000] {logging_mixin.py:190} INFO - [2025-08-27T20:00:51.809+0000] {override.py:1900} INFO - Created Permission View: can read on DAG:march_madness_predictions
[2025-08-27T20:00:51.812+0000] {logging_mixin.py:190} INFO - [2025-08-27T20:00:51.812+0000] {override.py:1900} INFO - Created Permission View: can edit on DAG:march_madness_predictions
[2025-08-27T20:00:51.817+0000] {logging_mixin.py:190} INFO - [2025-08-27T20:00:51.816+0000] {override.py:1900} INFO - Created Permission View: can create on DAG Run:march_madness_predictions
[2025-08-27T20:00:51.819+0000] {logging_mixin.py:190} INFO - [2025-08-27T20:00:51.819+0000] {override.py:1900} INFO - Created Permission View: can delete on DAG Run:march_madness_predictions
[2025-08-27T20:00:51.822+0000] {logging_mixin.py:190} INFO - [2025-08-27T20:00:51.822+0000] {override.py:1900} INFO - Created Permission View: can read on DAG Run:march_madness_predictions
[2025-08-27T20:00:51.824+0000] {logging_mixin.py:190} INFO - [2025-08-27T20:00:51.824+0000] {override.py:1900} INFO - Created Permission View: menu access on DAG Run:march_madness_predictions
[2025-08-27T20:00:51.824+0000] {logging_mixin.py:190} INFO - [2025-08-27T20:00:51.824+0000] {dag.py:3239} INFO - Sync 1 DAGs
[2025-08-27T20:00:51.829+0000] {logging_mixin.py:190} INFO - [2025-08-27T20:00:51.829+0000] {dag.py:3262} INFO - Creating ORM DAG for march_madness_predictions
[2025-08-27T20:00:51.829+0000] {logging_mixin.py:190} INFO - [2025-08-27T20:00:51.829+0000] {dag.py:4180} INFO - Setting next_dagrun for march_madness_predictions to None, run_after=None
[2025-08-27T20:00:51.836+0000] {processor.py:208} INFO - Processing /opt/airflow/dags/instructions.py took 0.138 seconds
[2025-08-27T20:01:29.886+0000] {processor.py:186} INFO - Started process (PID=233) to work on /opt/airflow/dags/instructions.py
[2025-08-27T20:01:29.886+0000] {processor.py:914} INFO - Processing file /opt/airflow/dags/instructions.py for tasks to queue
[2025-08-27T20:01:29.887+0000] {logging_mixin.py:190} INFO - [2025-08-27T20:01:29.887+0000] {dagbag.py:588} INFO - Filling up the DagBag from /opt/airflow/dags/instructions.py
[2025-08-27T20:01:29.893+0000] {processor.py:925} INFO - DAG(s) 'march_madness_predictions' retrieved from /opt/airflow/dags/instructions.py
[2025-08-27T20:01:29.902+0000] {logging_mixin.py:190} INFO - [2025-08-27T20:01:29.902+0000] {dag.py:3239} INFO - Sync 1 DAGs
[2025-08-27T20:01:29.908+0000] {logging_mixin.py:190} INFO - [2025-08-27T20:01:29.908+0000] {dag.py:4180} INFO - Setting next_dagrun for march_madness_predictions to None, run_after=None
[2025-08-27T20:01:29.915+0000] {processor.py:208} INFO - Processing /opt/airflow/dags/instructions.py took 0.033 seconds
[2025-08-27T20:02:00.150+0000] {processor.py:186} INFO - Started process (PID=512) to work on /opt/airflow/dags/instructions.py
[2025-08-27T20:02:00.152+0000] {processor.py:914} INFO - Processing file /opt/airflow/dags/instructions.py for tasks to queue
[2025-08-27T20:02:00.156+0000] {logging_mixin.py:190} INFO - [2025-08-27T20:02:00.155+0000] {dagbag.py:588} INFO - Filling up the DagBag from /opt/airflow/dags/instructions.py
[2025-08-27T20:02:00.172+0000] {processor.py:925} INFO - DAG(s) 'march_madness_predictions' retrieved from /opt/airflow/dags/instructions.py
[2025-08-27T20:02:00.197+0000] {logging_mixin.py:190} INFO - [2025-08-27T20:02:00.196+0000] {dag.py:3239} INFO - Sync 1 DAGs
[2025-08-27T20:02:00.205+0000] {logging_mixin.py:190} INFO - [2025-08-27T20:02:00.205+0000] {dag.py:4180} INFO - Setting next_dagrun for march_madness_predictions to None, run_after=None
[2025-08-27T20:02:00.214+0000] {processor.py:208} INFO - Processing /opt/airflow/dags/instructions.py took 0.082 seconds
