[2025-08-27T17:40:08.016+0000] {local_task_job_runner.py:123} INFO - ::group::Pre task execution logs
[2025-08-27T17:40:08.020+0000] {taskinstance.py:2612} INFO - Dependencies all met for dep_context=non-requeueable deps ti=<TaskInstance: ml_pipeline_simple.preprocess_train manual__2025-08-27T17:40:04.445060+00:00 [queued]>
[2025-08-27T17:40:08.021+0000] {taskinstance.py:2612} INFO - Dependencies all met for dep_context=requeueable deps ti=<TaskInstance: ml_pipeline_simple.preprocess_train manual__2025-08-27T17:40:04.445060+00:00 [queued]>
[2025-08-27T17:40:08.022+0000] {taskinstance.py:2865} INFO - Starting attempt 1 of 2
[2025-08-27T17:40:08.027+0000] {taskinstance.py:2888} INFO - Executing <Task(BashOperator): preprocess_train> on 2025-08-27 17:40:04.445060+00:00
[2025-08-27T17:40:08.028+0000] {standard_task_runner.py:72} INFO - Started process 114 to run task
[2025-08-27T17:40:08.030+0000] {standard_task_runner.py:104} INFO - Running: ['airflow', 'tasks', 'run', 'ml_pipeline_simple', 'preprocess_train', 'manual__2025-08-27T17:40:04.445060+00:00', '--job-id', '3', '--raw', '--subdir', 'DAGS_FOLDER/instructions.py', '--cfg-path', '/tmp/tmp5bix0qky']
[2025-08-27T17:40:08.031+0000] {standard_task_runner.py:105} INFO - Job 3: Subtask preprocess_train
[2025-08-27T17:40:08.045+0000] {task_command.py:467} INFO - Running <TaskInstance: ml_pipeline_simple.preprocess_train manual__2025-08-27T17:40:04.445060+00:00 [running]> on host 5987ed996c62
[2025-08-27T17:40:08.067+0000] {taskinstance.py:3131} INFO - Exporting env vars: AIRFLOW_CTX_DAG_OWNER='airflow' AIRFLOW_CTX_DAG_ID='ml_pipeline_simple' AIRFLOW_CTX_TASK_ID='preprocess_train' AIRFLOW_CTX_EXECUTION_DATE='2025-08-27T17:40:04.445060+00:00' AIRFLOW_CTX_TRY_NUMBER='1' AIRFLOW_CTX_DAG_RUN_ID='manual__2025-08-27T17:40:04.445060+00:00'
[2025-08-27T17:40:08.067+0000] {taskinstance.py:731} INFO - ::endgroup::
[2025-08-27T17:40:08.073+0000] {subprocess.py:63} INFO - Tmp dir root location: /tmp
[2025-08-27T17:40:08.074+0000] {subprocess.py:75} INFO - Running command: ['/usr/bin/bash', '-c', 'python /opt/airflow/scripts/preprocess_training.py']
[2025-08-27T17:40:08.078+0000] {subprocess.py:86} INFO - Output:
[2025-08-27T17:40:08.372+0000] {subprocess.py:93} INFO - /opt/airflow/scripts/preprocess_training.py:45: FutureWarning: Setting an item of incompatible dtype is deprecated and will raise in a future error of pandas. Value '0.16666666666666666' has dtype incompatible with int64, please explicitly cast to a compatible dtype first.
[2025-08-27T17:40:08.378+0000] {subprocess.py:93} INFO -   mmkp.loc[(mmkp['Team'] == 'Wisconsin') & (mmkp['Year'] == 2002), 'Winner'] = 1/6
[2025-08-27T17:40:08.494+0000] {subprocess.py:97} INFO - Command exited with return code 0
[2025-08-27T17:40:08.501+0000] {taskinstance.py:340} INFO - ::group::Post task execution logs
[2025-08-27T17:40:08.501+0000] {taskinstance.py:352} INFO - Marking task as SUCCESS. dag_id=ml_pipeline_simple, task_id=preprocess_train, run_id=manual__2025-08-27T17:40:04.445060+00:00, execution_date=20250827T174004, start_date=20250827T174008, end_date=20250827T174008
[2025-08-27T17:40:08.552+0000] {local_task_job_runner.py:266} INFO - Task exited with return code 0
[2025-08-27T17:40:08.560+0000] {taskinstance.py:3900} INFO - 1 downstream tasks scheduled from follow-on schedule check
[2025-08-27T17:40:08.562+0000] {local_task_job_runner.py:245} INFO - ::endgroup::
