[2025-08-27T20:01:23.468+0000] {local_task_job_runner.py:123} INFO - ::group::Pre task execution logs
[2025-08-27T20:01:23.471+0000] {taskinstance.py:2612} INFO - Dependencies all met for dep_context=non-requeueable deps ti=<TaskInstance: march_madness_predictions.train manual__2025-08-27T20:00:52+00:00 [queued]>
[2025-08-27T20:01:23.473+0000] {taskinstance.py:2612} INFO - Dependencies all met for dep_context=requeueable deps ti=<TaskInstance: march_madness_predictions.train manual__2025-08-27T20:00:52+00:00 [queued]>
[2025-08-27T20:01:23.473+0000] {taskinstance.py:2865} INFO - Starting attempt 1 of 2
[2025-08-27T20:01:23.478+0000] {taskinstance.py:2888} INFO - Executing <Task(BashOperator): train> on 2025-08-27 20:00:52+00:00
[2025-08-27T20:01:23.479+0000] {standard_task_runner.py:72} INFO - Started process 145 to run task
[2025-08-27T20:01:23.481+0000] {standard_task_runner.py:104} INFO - Running: ['airflow', 'tasks', 'run', 'march_madness_predictions', 'train', 'manual__2025-08-27T20:00:52+00:00', '--job-id', '4', '--raw', '--subdir', 'DAGS_FOLDER/instructions.py', '--cfg-path', '/tmp/tmpy_2dkkxp']
[2025-08-27T20:01:23.482+0000] {standard_task_runner.py:105} INFO - Job 4: Subtask train
[2025-08-27T20:01:23.493+0000] {task_command.py:467} INFO - Running <TaskInstance: march_madness_predictions.train manual__2025-08-27T20:00:52+00:00 [running]> on host d2e338670eb0
[2025-08-27T20:01:23.509+0000] {taskinstance.py:3131} INFO - Exporting env vars: AIRFLOW_CTX_DAG_OWNER='airflow' AIRFLOW_CTX_DAG_ID='march_madness_predictions' AIRFLOW_CTX_TASK_ID='train' AIRFLOW_CTX_EXECUTION_DATE='2025-08-27T20:00:52+00:00' AIRFLOW_CTX_TRY_NUMBER='1' AIRFLOW_CTX_DAG_RUN_ID='manual__2025-08-27T20:00:52+00:00'
[2025-08-27T20:01:23.510+0000] {taskinstance.py:731} INFO - ::endgroup::
[2025-08-27T20:01:23.515+0000] {subprocess.py:63} INFO - Tmp dir root location: /tmp
[2025-08-27T20:01:23.515+0000] {subprocess.py:75} INFO - Running command: ['/usr/bin/bash', '-c', 'python /opt/airflow/scripts/train.py']
[2025-08-27T20:01:23.517+0000] {subprocess.py:86} INFO - Output:
[2025-08-27T20:01:24.359+0000] {subprocess.py:93} INFO - Fitting 5 folds for each of 30 candidates, totalling 150 fits
[2025-08-27T20:01:29.354+0000] {subprocess.py:93} INFO - Best Parameters: {'subsample': 0.6, 'reg_lambda': 2, 'reg_alpha': 0, 'n_estimators': 300, 'max_depth': 3, 'learning_rate': 0.05, 'gamma': 0, 'colsample_bytree': 1.0}
[2025-08-27T20:01:29.354+0000] {subprocess.py:93} INFO - Mean MSE: 0.017414 with Std of 0.002231
[2025-08-27T20:01:29.355+0000] {subprocess.py:93} INFO - Mean MAE: 0.091897
[2025-08-27T20:01:29.355+0000] {subprocess.py:93} INFO - Mean RMSE: 0.131690
[2025-08-27T20:01:29.355+0000] {subprocess.py:93} INFO - Mean R²: 0.640821
[2025-08-27T20:01:29.614+0000] {subprocess.py:97} INFO - Command exited with return code 0
[2025-08-27T20:01:29.623+0000] {taskinstance.py:340} INFO - ::group::Post task execution logs
[2025-08-27T20:01:29.623+0000] {taskinstance.py:352} INFO - Marking task as SUCCESS. dag_id=march_madness_predictions, task_id=train, run_id=manual__2025-08-27T20:00:52+00:00, execution_date=20250827T200052, start_date=20250827T200123, end_date=20250827T200129
[2025-08-27T20:01:29.654+0000] {local_task_job_runner.py:266} INFO - Task exited with return code 0
[2025-08-27T20:01:29.660+0000] {taskinstance.py:3900} INFO - 1 downstream tasks scheduled from follow-on schedule check
[2025-08-27T20:01:29.662+0000] {local_task_job_runner.py:245} INFO - ::endgroup::
