[2025-08-27T16:15:53.625+0000] {manager.py:483} INFO - Processing files using up to 1 processes at a time 
[2025-08-27T16:15:53.625+0000] {manager.py:484} INFO - Process each file at most once every 30 seconds
[2025-08-27T16:15:53.625+0000] {manager.py:485} INFO - Checking for new files in /opt/airflow/dags every 300 seconds
[2025-08-27T16:15:53.626+0000] {manager.py:821} INFO - Searching for files in /opt/airflow/dags
[2025-08-27T16:15:53.627+0000] {manager.py:824} INFO - There are 1 files in /opt/airflow/dags
[2025-08-27T16:15:53.949+0000] {manager.py:997} INFO - 
================================================================================
DAG File Processing Stats

File Path                          PID    Runtime      # DAGs    # Errors  Last Runtime    Last Run               Last # of DB Queries
---------------------------------  -----  ---------  --------  ----------  --------------  -------------------  ----------------------
/opt/airflow/dags/instructions.py                           1           0  0.30s           2025-08-27T16:15:53                      43
================================================================================
[2025-08-27T16:16:24.930+0000] {manager.py:997} INFO - 
================================================================================
DAG File Processing Stats

File Path                          PID    Runtime      # DAGs    # Errors  Last Runtime    Last Run               Last # of DB Queries
---------------------------------  -----  ---------  --------  ----------  --------------  -------------------  ----------------------
/opt/airflow/dags/instructions.py                           1           0  0.11s           2025-08-27T16:16:24                      10
================================================================================
[2025-08-27T16:16:55.191+0000] {manager.py:997} INFO - 
================================================================================
DAG File Processing Stats

File Path                          PID    Runtime      # DAGs    # Errors  Last Runtime    Last Run               Last # of DB Queries
---------------------------------  -----  ---------  --------  ----------  --------------  -------------------  ----------------------
/opt/airflow/dags/instructions.py                           1           0  0.11s           2025-08-27T16:16:55                      10
================================================================================
[2025-08-27T16:17:25.458+0000] {manager.py:997} INFO - 
================================================================================
DAG File Processing Stats

File Path                          PID    Runtime      # DAGs    # Errors  Last Runtime    Last Run               Last # of DB Queries
---------------------------------  -----  ---------  --------  ----------  --------------  -------------------  ----------------------
/opt/airflow/dags/instructions.py                           1           0  0.10s           2025-08-27T16:17:25                      10
================================================================================
[2025-08-27T16:17:55.738+0000] {manager.py:997} INFO - 
================================================================================
DAG File Processing Stats

File Path                          PID    Runtime      # DAGs    # Errors  Last Runtime    Last Run               Last # of DB Queries
---------------------------------  -----  ---------  --------  ----------  --------------  -------------------  ----------------------
/opt/airflow/dags/instructions.py                           1           0  0.11s           2025-08-27T16:17:55                      10
================================================================================
[2025-08-27T16:18:25.999+0000] {manager.py:997} INFO - 
================================================================================
DAG File Processing Stats

File Path                          PID    Runtime      # DAGs    # Errors  Last Runtime    Last Run               Last # of DB Queries
---------------------------------  -----  ---------  --------  ----------  --------------  -------------------  ----------------------
/opt/airflow/dags/instructions.py                           1           0  0.11s           2025-08-27T16:18:25                      10
================================================================================
[2025-08-27T16:18:56.262+0000] {manager.py:997} INFO - 
================================================================================
DAG File Processing Stats

File Path                          PID    Runtime      # DAGs    # Errors  Last Runtime    Last Run               Last # of DB Queries
---------------------------------  -----  ---------  --------  ----------  --------------  -------------------  ----------------------
/opt/airflow/dags/instructions.py                           1           0  0.11s           2025-08-27T16:18:56                      10
================================================================================
[2025-08-27T16:19:26.490+0000] {manager.py:997} INFO - 
================================================================================
DAG File Processing Stats

File Path                          PID    Runtime      # DAGs    # Errors  Last Runtime    Last Run               Last # of DB Queries
---------------------------------  -----  ---------  --------  ----------  --------------  -------------------  ----------------------
/opt/airflow/dags/instructions.py                           1           0  0.11s           2025-08-27T16:19:26                      10
================================================================================
[2025-08-27T16:19:56.735+0000] {manager.py:997} INFO - 
================================================================================
DAG File Processing Stats

File Path                          PID    Runtime      # DAGs    # Errors  Last Runtime    Last Run               Last # of DB Queries
---------------------------------  -----  ---------  --------  ----------  --------------  -------------------  ----------------------
/opt/airflow/dags/instructions.py                           1           0  0.11s           2025-08-27T16:19:56                      10
================================================================================
[2025-08-27T16:20:26.997+0000] {manager.py:997} INFO - 
================================================================================
DAG File Processing Stats

File Path                          PID    Runtime      # DAGs    # Errors  Last Runtime    Last Run               Last # of DB Queries
---------------------------------  -----  ---------  --------  ----------  --------------  -------------------  ----------------------
/opt/airflow/dags/instructions.py                           1           0  0.11s           2025-08-27T16:20:26                      10
================================================================================
[2025-08-27T16:20:53.732+0000] {manager.py:821} INFO - Searching for files in /opt/airflow/dags
[2025-08-27T16:20:53.739+0000] {manager.py:824} INFO - There are 1 files in /opt/airflow/dags
[2025-08-27T16:20:57.230+0000] {manager.py:997} INFO - 
================================================================================
DAG File Processing Stats

File Path                          PID    Runtime      # DAGs    # Errors  Last Runtime    Last Run               Last # of DB Queries
---------------------------------  -----  ---------  --------  ----------  --------------  -------------------  ----------------------
/opt/airflow/dags/instructions.py                           1           0  0.11s           2025-08-27T16:20:57                      10
================================================================================
[2025-08-27T16:21:27.499+0000] {manager.py:997} INFO - 
================================================================================
DAG File Processing Stats

File Path                          PID    Runtime      # DAGs    # Errors  Last Runtime    Last Run               Last # of DB Queries
---------------------------------  -----  ---------  --------  ----------  --------------  -------------------  ----------------------
/opt/airflow/dags/instructions.py                           1           0  0.11s           2025-08-27T16:21:27                      10
================================================================================
[2025-08-27T16:21:57.760+0000] {manager.py:997} INFO - 
================================================================================
DAG File Processing Stats

File Path                          PID    Runtime      # DAGs    # Errors  Last Runtime    Last Run               Last # of DB Queries
---------------------------------  -----  ---------  --------  ----------  --------------  -------------------  ----------------------
/opt/airflow/dags/instructions.py                           1           0  0.11s           2025-08-27T16:21:57                      10
================================================================================
[2025-08-27T16:22:28.036+0000] {manager.py:997} INFO - 
================================================================================
DAG File Processing Stats

File Path                          PID    Runtime      # DAGs    # Errors  Last Runtime    Last Run               Last # of DB Queries
---------------------------------  -----  ---------  --------  ----------  --------------  -------------------  ----------------------
/opt/airflow/dags/instructions.py                           1           0  0.11s           2025-08-27T16:22:28                      10
================================================================================
[2025-08-27T16:22:58.304+0000] {manager.py:997} INFO - 
================================================================================
DAG File Processing Stats

File Path                          PID    Runtime      # DAGs    # Errors  Last Runtime    Last Run               Last # of DB Queries
---------------------------------  -----  ---------  --------  ----------  --------------  -------------------  ----------------------
/opt/airflow/dags/instructions.py                           1           0  0.11s           2025-08-27T16:22:58                      10
================================================================================
[2025-08-27T16:23:28.578+0000] {manager.py:997} INFO - 
================================================================================
DAG File Processing Stats

File Path                          PID    Runtime      # DAGs    # Errors  Last Runtime    Last Run               Last # of DB Queries
---------------------------------  -----  ---------  --------  ----------  --------------  -------------------  ----------------------
/opt/airflow/dags/instructions.py                           1           0  0.11s           2025-08-27T16:23:28                      10
================================================================================
[2025-08-27T16:23:58.801+0000] {manager.py:997} INFO - 
================================================================================
DAG File Processing Stats

File Path                          PID    Runtime      # DAGs    # Errors  Last Runtime    Last Run               Last # of DB Queries
---------------------------------  -----  ---------  --------  ----------  --------------  -------------------  ----------------------
/opt/airflow/dags/instructions.py                           1           0  0.11s           2025-08-27T16:23:58                      10
================================================================================
[2025-08-27T16:24:29.098+0000] {manager.py:997} INFO - 
================================================================================
DAG File Processing Stats

File Path                          PID    Runtime      # DAGs    # Errors  Last Runtime    Last Run               Last # of DB Queries
---------------------------------  -----  ---------  --------  ----------  --------------  -------------------  ----------------------
/opt/airflow/dags/instructions.py                           1           0  0.11s           2025-08-27T16:24:29                      10
================================================================================
[2025-08-27T16:24:59.415+0000] {manager.py:997} INFO - 
================================================================================
DAG File Processing Stats

File Path                          PID    Runtime      # DAGs    # Errors  Last Runtime    Last Run               Last # of DB Queries
---------------------------------  -----  ---------  --------  ----------  --------------  -------------------  ----------------------
/opt/airflow/dags/instructions.py                           1           0  0.11s           2025-08-27T16:24:59                      10
================================================================================
[2025-08-27T16:25:29.710+0000] {manager.py:997} INFO - 
================================================================================
DAG File Processing Stats

File Path                          PID    Runtime      # DAGs    # Errors  Last Runtime    Last Run               Last # of DB Queries
---------------------------------  -----  ---------  --------  ----------  --------------  -------------------  ----------------------
/opt/airflow/dags/instructions.py                           1           0  0.11s           2025-08-27T16:25:29                      10
================================================================================
[2025-08-27T16:25:53.762+0000] {manager.py:821} INFO - Searching for files in /opt/airflow/dags
[2025-08-27T16:25:53.767+0000] {manager.py:824} INFO - There are 1 files in /opt/airflow/dags
[2025-08-27T16:25:59.985+0000] {manager.py:997} INFO - 
================================================================================
DAG File Processing Stats

File Path                          PID    Runtime      # DAGs    # Errors  Last Runtime    Last Run               Last # of DB Queries
---------------------------------  -----  ---------  --------  ----------  --------------  -------------------  ----------------------
/opt/airflow/dags/instructions.py                           1           0  0.11s           2025-08-27T16:25:59                      10
================================================================================
[2025-08-27T16:26:30.299+0000] {manager.py:997} INFO - 
================================================================================
DAG File Processing Stats

File Path                          PID    Runtime      # DAGs    # Errors  Last Runtime    Last Run               Last # of DB Queries
---------------------------------  -----  ---------  --------  ----------  --------------  -------------------  ----------------------
/opt/airflow/dags/instructions.py                           1           0  0.10s           2025-08-27T16:26:30                      10
================================================================================
[2025-08-27T16:27:00.571+0000] {manager.py:997} INFO - 
================================================================================
DAG File Processing Stats

File Path                          PID    Runtime      # DAGs    # Errors  Last Runtime    Last Run               Last # of DB Queries
---------------------------------  -----  ---------  --------  ----------  --------------  -------------------  ----------------------
/opt/airflow/dags/instructions.py                           1           0  0.11s           2025-08-27T16:27:00                      10
================================================================================
[2025-08-27T16:27:30.869+0000] {manager.py:997} INFO - 
================================================================================
DAG File Processing Stats

File Path                          PID    Runtime      # DAGs    # Errors  Last Runtime    Last Run               Last # of DB Queries
---------------------------------  -----  ---------  --------  ----------  --------------  -------------------  ----------------------
/opt/airflow/dags/instructions.py                           1           0  0.11s           2025-08-27T16:27:30                      10
================================================================================
[2025-08-27T16:28:01.203+0000] {manager.py:997} INFO - 
================================================================================
DAG File Processing Stats

File Path                          PID    Runtime      # DAGs    # Errors  Last Runtime    Last Run               Last # of DB Queries
---------------------------------  -----  ---------  --------  ----------  --------------  -------------------  ----------------------
/opt/airflow/dags/instructions.py                           1           0  0.11s           2025-08-27T16:28:01                      10
================================================================================
[2025-08-27T16:28:31.585+0000] {manager.py:997} INFO - 
================================================================================
DAG File Processing Stats

File Path                          PID    Runtime      # DAGs    # Errors  Last Runtime    Last Run               Last # of DB Queries
---------------------------------  -----  ---------  --------  ----------  --------------  -------------------  ----------------------
/opt/airflow/dags/instructions.py                           1           0  0.11s           2025-08-27T16:28:31                      10
================================================================================
[2025-08-27T16:29:01.965+0000] {manager.py:997} INFO - 
================================================================================
DAG File Processing Stats

File Path                          PID    Runtime      # DAGs    # Errors  Last Runtime    Last Run               Last # of DB Queries
---------------------------------  -----  ---------  --------  ----------  --------------  -------------------  ----------------------
/opt/airflow/dags/instructions.py                           1           0  0.11s           2025-08-27T16:29:01                       9
================================================================================
[2025-08-27T16:29:08.109+0000] {manager.py:465} INFO - Exiting gracefully upon receiving signal 15
[2025-08-27T16:29:24.461+0000] {manager.py:483} INFO - Processing files using up to 1 processes at a time 
[2025-08-27T16:29:24.462+0000] {manager.py:484} INFO - Process each file at most once every 30 seconds
[2025-08-27T16:29:24.463+0000] {manager.py:485} INFO - Checking for new files in /opt/airflow/dags every 300 seconds
[2025-08-27T16:29:24.463+0000] {manager.py:821} INFO - Searching for files in /opt/airflow/dags
[2025-08-27T16:29:24.468+0000] {manager.py:824} INFO - There are 1 files in /opt/airflow/dags
[2025-08-27T16:29:24.793+0000] {manager.py:997} INFO - 
================================================================================
DAG File Processing Stats

File Path                          PID    Runtime      # DAGs    # Errors  Last Runtime    Last Run               Last # of DB Queries
---------------------------------  -----  ---------  --------  ----------  --------------  -------------------  ----------------------
/opt/airflow/dags/instructions.py                           1           0  0.31s           2025-08-27T16:29:24                      43
================================================================================
[2025-08-27T16:29:55.961+0000] {manager.py:997} INFO - 
================================================================================
DAG File Processing Stats

File Path                          PID    Runtime      # DAGs    # Errors  Last Runtime    Last Run               Last # of DB Queries
---------------------------------  -----  ---------  --------  ----------  --------------  -------------------  ----------------------
/opt/airflow/dags/instructions.py                           1           0  0.11s           2025-08-27T16:29:55                      10
================================================================================
[2025-08-27T16:30:26.177+0000] {manager.py:997} INFO - 
================================================================================
DAG File Processing Stats

File Path                          PID    Runtime      # DAGs    # Errors  Last Runtime    Last Run               Last # of DB Queries
---------------------------------  -----  ---------  --------  ----------  --------------  -------------------  ----------------------
/opt/airflow/dags/instructions.py                           1           0  0.11s           2025-08-27T16:30:26                      10
================================================================================
[2025-08-27T16:30:56.591+0000] {manager.py:997} INFO - 
================================================================================
DAG File Processing Stats

File Path                          PID    Runtime      # DAGs    # Errors  Last Runtime    Last Run               Last # of DB Queries
---------------------------------  -----  ---------  --------  ----------  --------------  -------------------  ----------------------
/opt/airflow/dags/instructions.py                           1           0  0.11s           2025-08-27T16:30:56                      10
================================================================================
[2025-08-27T16:31:27.011+0000] {manager.py:997} INFO - 
================================================================================
DAG File Processing Stats

File Path                          PID    Runtime      # DAGs    # Errors  Last Runtime    Last Run               Last # of DB Queries
---------------------------------  -----  ---------  --------  ----------  --------------  -------------------  ----------------------
/opt/airflow/dags/instructions.py                           1           0  0.11s           2025-08-27T16:31:27                      10
================================================================================
[2025-08-27T16:31:57.314+0000] {manager.py:997} INFO - 
================================================================================
DAG File Processing Stats

File Path                          PID    Runtime      # DAGs    # Errors  Last Runtime    Last Run               Last # of DB Queries
---------------------------------  -----  ---------  --------  ----------  --------------  -------------------  ----------------------
/opt/airflow/dags/instructions.py                           1           0  0.11s           2025-08-27T16:31:53                       9
================================================================================
[2025-08-27T16:32:23.145+0000] {manager.py:465} INFO - Exiting gracefully upon receiving signal 15
[2025-08-27T16:32:41.859+0000] {manager.py:483} INFO - Processing files using up to 1 processes at a time 
[2025-08-27T16:32:41.861+0000] {manager.py:484} INFO - Process each file at most once every 30 seconds
[2025-08-27T16:32:41.862+0000] {manager.py:485} INFO - Checking for new files in /opt/airflow/dags every 300 seconds
[2025-08-27T16:32:41.863+0000] {manager.py:821} INFO - Searching for files in /opt/airflow/dags
[2025-08-27T16:32:41.868+0000] {manager.py:824} INFO - There are 1 files in /opt/airflow/dags
[2025-08-27T16:32:42.092+0000] {manager.py:997} INFO - 
================================================================================
DAG File Processing Stats

File Path                          PID    Runtime      # DAGs    # Errors  Last Runtime    Last Run               Last # of DB Queries
---------------------------------  -----  ---------  --------  ----------  --------------  -------------------  ----------------------
/opt/airflow/dags/instructions.py                           1           0  0.20s           2025-08-27T16:32:42                      43
================================================================================
[2025-08-27T16:33:13.048+0000] {manager.py:997} INFO - 
================================================================================
DAG File Processing Stats

File Path                          PID    Runtime      # DAGs    # Errors  Last Runtime    Last Run               Last # of DB Queries
---------------------------------  -----  ---------  --------  ----------  --------------  -------------------  ----------------------
/opt/airflow/dags/instructions.py                           1           0  0.11s           2025-08-27T16:33:13                      10
================================================================================
[2025-08-27T16:33:44.007+0000] {manager.py:997} INFO - 
================================================================================
DAG File Processing Stats

File Path                          PID    Runtime      # DAGs    # Errors  Last Runtime    Last Run               Last # of DB Queries
---------------------------------  -----  ---------  --------  ----------  --------------  -------------------  ----------------------
/opt/airflow/dags/instructions.py                           1           0  0.21s           2025-08-27T16:33:44                      10
================================================================================
[2025-08-27T16:34:14.228+0000] {manager.py:997} INFO - 
================================================================================
DAG File Processing Stats

File Path                          PID    Runtime      # DAGs    # Errors  Last Runtime    Last Run               Last # of DB Queries
---------------------------------  -----  ---------  --------  ----------  --------------  -------------------  ----------------------
/opt/airflow/dags/instructions.py                           1           0  0.10s           2025-08-27T16:34:14                      10
================================================================================
[2025-08-27T16:34:44.470+0000] {manager.py:997} INFO - 
================================================================================
DAG File Processing Stats

File Path                          PID    Runtime      # DAGs    # Errors  Last Runtime    Last Run               Last # of DB Queries
---------------------------------  -----  ---------  --------  ----------  --------------  -------------------  ----------------------
/opt/airflow/dags/instructions.py                           1           0  0.11s           2025-08-27T16:34:44                      10
================================================================================
[2025-08-27T16:35:14.688+0000] {manager.py:997} INFO - 
================================================================================
DAG File Processing Stats

File Path                          PID    Runtime      # DAGs    # Errors  Last Runtime    Last Run               Last # of DB Queries
---------------------------------  -----  ---------  --------  ----------  --------------  -------------------  ----------------------
/opt/airflow/dags/instructions.py                           1           0  0.11s           2025-08-27T16:35:14                      10
================================================================================
[2025-08-27T16:35:44.941+0000] {manager.py:997} INFO - 
================================================================================
DAG File Processing Stats

File Path                          PID    Runtime      # DAGs    # Errors  Last Runtime    Last Run               Last # of DB Queries
---------------------------------  -----  ---------  --------  ----------  --------------  -------------------  ----------------------
/opt/airflow/dags/instructions.py                           1           0  0.11s           2025-08-27T16:35:44                      10
================================================================================
[2025-08-27T16:36:15.180+0000] {manager.py:997} INFO - 
================================================================================
DAG File Processing Stats

File Path                          PID    Runtime      # DAGs    # Errors  Last Runtime    Last Run               Last # of DB Queries
---------------------------------  -----  ---------  --------  ----------  --------------  -------------------  ----------------------
/opt/airflow/dags/instructions.py                           1           0  0.10s           2025-08-27T16:36:15                      10
================================================================================
[2025-08-27T16:36:45.408+0000] {manager.py:997} INFO - 
================================================================================
DAG File Processing Stats

File Path                          PID    Runtime      # DAGs    # Errors  Last Runtime    Last Run               Last # of DB Queries
---------------------------------  -----  ---------  --------  ----------  --------------  -------------------  ----------------------
/opt/airflow/dags/instructions.py                           1           0  0.11s           2025-08-27T16:36:45                      10
================================================================================
[2025-08-27T16:37:15.658+0000] {manager.py:997} INFO - 
================================================================================
DAG File Processing Stats

File Path                          PID    Runtime      # DAGs    # Errors  Last Runtime    Last Run               Last # of DB Queries
---------------------------------  -----  ---------  --------  ----------  --------------  -------------------  ----------------------
/opt/airflow/dags/instructions.py                           1           0  0.11s           2025-08-27T16:37:15                      10
================================================================================
[2025-08-27T16:37:42.038+0000] {manager.py:821} INFO - Searching for files in /opt/airflow/dags
[2025-08-27T16:37:42.044+0000] {manager.py:824} INFO - There are 1 files in /opt/airflow/dags
[2025-08-27T16:37:45.879+0000] {manager.py:997} INFO - 
================================================================================
DAG File Processing Stats

File Path                          PID    Runtime      # DAGs    # Errors  Last Runtime    Last Run               Last # of DB Queries
---------------------------------  -----  ---------  --------  ----------  --------------  -------------------  ----------------------
/opt/airflow/dags/instructions.py                           1           0  0.11s           2025-08-27T16:37:45                      10
================================================================================
[2025-08-27T16:38:16.122+0000] {manager.py:997} INFO - 
================================================================================
DAG File Processing Stats

File Path                          PID    Runtime      # DAGs    # Errors  Last Runtime    Last Run               Last # of DB Queries
---------------------------------  -----  ---------  --------  ----------  --------------  -------------------  ----------------------
/opt/airflow/dags/instructions.py                           1           0  0.11s           2025-08-27T16:38:16                      10
================================================================================
[2025-08-27T16:38:46.340+0000] {manager.py:997} INFO - 
================================================================================
DAG File Processing Stats

File Path                          PID    Runtime      # DAGs    # Errors  Last Runtime    Last Run               Last # of DB Queries
---------------------------------  -----  ---------  --------  ----------  --------------  -------------------  ----------------------
/opt/airflow/dags/instructions.py                           1           0  0.11s           2025-08-27T16:38:46                      10
================================================================================
[2025-08-27T16:38:54.909+0000] {manager.py:465} INFO - Exiting gracefully upon receiving signal 15
[2025-08-27T17:05:09.096+0000] {manager.py:483} INFO - Processing files using up to 1 processes at a time 
[2025-08-27T17:05:09.097+0000] {manager.py:484} INFO - Process each file at most once every 30 seconds
[2025-08-27T17:05:09.097+0000] {manager.py:485} INFO - Checking for new files in /opt/airflow/dags every 300 seconds
[2025-08-27T17:05:09.097+0000] {manager.py:821} INFO - Searching for files in /opt/airflow/dags
[2025-08-27T17:05:09.098+0000] {manager.py:824} INFO - There are 1 files in /opt/airflow/dags
[2025-08-27T17:05:09.320+0000] {manager.py:997} INFO - 
================================================================================
DAG File Processing Stats

File Path                          PID    Runtime      # DAGs    # Errors  Last Runtime    Last Run               Last # of DB Queries
---------------------------------  -----  ---------  --------  ----------  --------------  -------------------  ----------------------
/opt/airflow/dags/instructions.py                           1           0  0.21s           2025-08-27T17:05:09                      43
================================================================================
[2025-08-27T17:05:40.403+0000] {manager.py:997} INFO - 
================================================================================
DAG File Processing Stats

File Path                          PID    Runtime      # DAGs    # Errors  Last Runtime    Last Run               Last # of DB Queries
---------------------------------  -----  ---------  --------  ----------  --------------  -------------------  ----------------------
/opt/airflow/dags/instructions.py                           1           0  0.11s           2025-08-27T17:05:40                      10
================================================================================
[2025-08-27T17:06:10.693+0000] {manager.py:997} INFO - 
================================================================================
DAG File Processing Stats

File Path                          PID    Runtime      # DAGs    # Errors  Last Runtime    Last Run               Last # of DB Queries
---------------------------------  -----  ---------  --------  ----------  --------------  -------------------  ----------------------
/opt/airflow/dags/instructions.py                           1           0  0.11s           2025-08-27T17:06:10                      10
================================================================================
[2025-08-27T17:06:40.982+0000] {manager.py:997} INFO - 
================================================================================
DAG File Processing Stats

File Path                          PID    Runtime      # DAGs    # Errors  Last Runtime    Last Run               Last # of DB Queries
---------------------------------  -----  ---------  --------  ----------  --------------  -------------------  ----------------------
/opt/airflow/dags/instructions.py                           1           0  0.11s           2025-08-27T17:06:40                      10
================================================================================
[2025-08-27T17:07:11.299+0000] {manager.py:997} INFO - 
================================================================================
DAG File Processing Stats

File Path                          PID    Runtime      # DAGs    # Errors  Last Runtime    Last Run               Last # of DB Queries
---------------------------------  -----  ---------  --------  ----------  --------------  -------------------  ----------------------
/opt/airflow/dags/instructions.py                           1           0  0.11s           2025-08-27T17:07:11                      10
================================================================================
[2025-08-27T17:07:41.597+0000] {manager.py:997} INFO - 
================================================================================
DAG File Processing Stats

File Path                          PID    Runtime      # DAGs    # Errors  Last Runtime    Last Run               Last # of DB Queries
---------------------------------  -----  ---------  --------  ----------  --------------  -------------------  ----------------------
/opt/airflow/dags/instructions.py                           1           0  0.11s           2025-08-27T17:07:41                      10
================================================================================
[2025-08-27T17:07:44.725+0000] {manager.py:465} INFO - Exiting gracefully upon receiving signal 15
[2025-08-27T17:08:01.424+0000] {manager.py:483} INFO - Processing files using up to 1 processes at a time 
[2025-08-27T17:08:01.425+0000] {manager.py:484} INFO - Process each file at most once every 30 seconds
[2025-08-27T17:08:01.425+0000] {manager.py:485} INFO - Checking for new files in /opt/airflow/dags every 300 seconds
[2025-08-27T17:08:01.425+0000] {manager.py:821} INFO - Searching for files in /opt/airflow/dags
[2025-08-27T17:08:01.426+0000] {manager.py:824} INFO - There are 1 files in /opt/airflow/dags
[2025-08-27T17:08:01.759+0000] {manager.py:997} INFO - 
================================================================================
DAG File Processing Stats

File Path                          PID    Runtime      # DAGs    # Errors  Last Runtime    Last Run               Last # of DB Queries
---------------------------------  -----  ---------  --------  ----------  --------------  -------------------  ----------------------
/opt/airflow/dags/instructions.py                           1           0  0.31s           2025-08-27T17:08:01                      43
================================================================================
[2025-08-27T17:08:32.844+0000] {manager.py:997} INFO - 
================================================================================
DAG File Processing Stats

File Path                          PID    Runtime      # DAGs    # Errors  Last Runtime    Last Run               Last # of DB Queries
---------------------------------  -----  ---------  --------  ----------  --------------  -------------------  ----------------------
/opt/airflow/dags/instructions.py                           1           0  0.21s           2025-08-27T17:08:32                      10
================================================================================
[2025-08-27T17:09:03.056+0000] {manager.py:997} INFO - 
================================================================================
DAG File Processing Stats

File Path                          PID    Runtime      # DAGs    # Errors  Last Runtime    Last Run               Last # of DB Queries
---------------------------------  -----  ---------  --------  ----------  --------------  -------------------  ----------------------
/opt/airflow/dags/instructions.py                           1           0  0.11s           2025-08-27T17:09:03                      10
================================================================================
[2025-08-27T17:09:33.335+0000] {manager.py:997} INFO - 
================================================================================
DAG File Processing Stats

File Path                          PID    Runtime      # DAGs    # Errors  Last Runtime    Last Run               Last # of DB Queries
---------------------------------  -----  ---------  --------  ----------  --------------  -------------------  ----------------------
/opt/airflow/dags/instructions.py                           1           0  0.11s           2025-08-27T17:09:33                      10
================================================================================
[2025-08-27T17:10:03.616+0000] {manager.py:997} INFO - 
================================================================================
DAG File Processing Stats

File Path                          PID    Runtime      # DAGs    # Errors  Last Runtime    Last Run               Last # of DB Queries
---------------------------------  -----  ---------  --------  ----------  --------------  -------------------  ----------------------
/opt/airflow/dags/instructions.py                           1           0  0.11s           2025-08-27T17:10:03                      10
================================================================================
[2025-08-27T17:10:33.892+0000] {manager.py:997} INFO - 
================================================================================
DAG File Processing Stats

File Path                          PID    Runtime      # DAGs    # Errors  Last Runtime    Last Run               Last # of DB Queries
---------------------------------  -----  ---------  --------  ----------  --------------  -------------------  ----------------------
/opt/airflow/dags/instructions.py                           1           0  0.11s           2025-08-27T17:10:33                      10
================================================================================
[2025-08-27T17:11:04.184+0000] {manager.py:997} INFO - 
================================================================================
DAG File Processing Stats

File Path                          PID    Runtime      # DAGs    # Errors  Last Runtime    Last Run               Last # of DB Queries
---------------------------------  -----  ---------  --------  ----------  --------------  -------------------  ----------------------
/opt/airflow/dags/instructions.py                           1           0  0.11s           2025-08-27T17:11:04                      10
================================================================================
[2025-08-27T17:11:34.460+0000] {manager.py:997} INFO - 
================================================================================
DAG File Processing Stats

File Path                          PID    Runtime      # DAGs    # Errors  Last Runtime    Last Run               Last # of DB Queries
---------------------------------  -----  ---------  --------  ----------  --------------  -------------------  ----------------------
/opt/airflow/dags/instructions.py                           1           0  0.11s           2025-08-27T17:11:34                      10
================================================================================
[2025-08-27T17:12:04.735+0000] {manager.py:997} INFO - 
================================================================================
DAG File Processing Stats

File Path                          PID    Runtime      # DAGs    # Errors  Last Runtime    Last Run               Last # of DB Queries
---------------------------------  -----  ---------  --------  ----------  --------------  -------------------  ----------------------
/opt/airflow/dags/instructions.py                           1           0  0.11s           2025-08-27T17:12:04                      10
================================================================================
[2025-08-27T17:12:35.035+0000] {manager.py:997} INFO - 
================================================================================
DAG File Processing Stats

File Path                          PID    Runtime      # DAGs    # Errors  Last Runtime    Last Run               Last # of DB Queries
---------------------------------  -----  ---------  --------  ----------  --------------  -------------------  ----------------------
/opt/airflow/dags/instructions.py                           1           0  0.11s           2025-08-27T17:12:35                      10
================================================================================
[2025-08-27T17:13:01.430+0000] {manager.py:821} INFO - Searching for files in /opt/airflow/dags
[2025-08-27T17:13:01.436+0000] {manager.py:824} INFO - There are 1 files in /opt/airflow/dags
[2025-08-27T17:13:05.335+0000] {manager.py:997} INFO - 
================================================================================
DAG File Processing Stats

File Path                          PID    Runtime      # DAGs    # Errors  Last Runtime    Last Run               Last # of DB Queries
---------------------------------  -----  ---------  --------  ----------  --------------  -------------------  ----------------------
/opt/airflow/dags/instructions.py                           1           0  0.11s           2025-08-27T17:13:05                      10
================================================================================
[2025-08-27T17:13:35.632+0000] {manager.py:997} INFO - 
================================================================================
DAG File Processing Stats

File Path                          PID    Runtime      # DAGs    # Errors  Last Runtime    Last Run               Last # of DB Queries
---------------------------------  -----  ---------  --------  ----------  --------------  -------------------  ----------------------
/opt/airflow/dags/instructions.py                           1           0  0.11s           2025-08-27T17:13:35                      10
================================================================================
[2025-08-27T17:14:05.888+0000] {manager.py:997} INFO - 
================================================================================
DAG File Processing Stats

File Path                          PID    Runtime      # DAGs    # Errors  Last Runtime    Last Run               Last # of DB Queries
---------------------------------  -----  ---------  --------  ----------  --------------  -------------------  ----------------------
/opt/airflow/dags/instructions.py                           1           0  0.11s           2025-08-27T17:14:05                      10
================================================================================
[2025-08-27T17:14:09.053+0000] {manager.py:465} INFO - Exiting gracefully upon receiving signal 15
[2025-08-27T17:14:25.432+0000] {manager.py:483} INFO - Processing files using up to 1 processes at a time 
[2025-08-27T17:14:25.432+0000] {manager.py:484} INFO - Process each file at most once every 30 seconds
[2025-08-27T17:14:25.432+0000] {manager.py:485} INFO - Checking for new files in /opt/airflow/dags every 300 seconds
[2025-08-27T17:14:25.433+0000] {manager.py:821} INFO - Searching for files in /opt/airflow/dags
[2025-08-27T17:14:25.434+0000] {manager.py:824} INFO - There are 1 files in /opt/airflow/dags
[2025-08-27T17:14:25.681+0000] {manager.py:997} INFO - 
================================================================================
DAG File Processing Stats

File Path                          PID    Runtime      # DAGs    # Errors  Last Runtime    Last Run               Last # of DB Queries
---------------------------------  -----  ---------  --------  ----------  --------------  -------------------  ----------------------
/opt/airflow/dags/instructions.py                           1           0  0.21s           2025-08-27T17:14:25                      43
================================================================================
[2025-08-27T17:14:56.773+0000] {manager.py:997} INFO - 
================================================================================
DAG File Processing Stats

File Path                          PID    Runtime      # DAGs    # Errors  Last Runtime    Last Run               Last # of DB Queries
---------------------------------  -----  ---------  --------  ----------  --------------  -------------------  ----------------------
/opt/airflow/dags/instructions.py                           1           0  0.11s           2025-08-27T17:14:56                      10
================================================================================
[2025-08-27T17:15:27.099+0000] {manager.py:997} INFO - 
================================================================================
DAG File Processing Stats

File Path                          PID    Runtime      # DAGs    # Errors  Last Runtime    Last Run               Last # of DB Queries
---------------------------------  -----  ---------  --------  ----------  --------------  -------------------  ----------------------
/opt/airflow/dags/instructions.py                           1           0  0.11s           2025-08-27T17:15:27                      10
================================================================================
[2025-08-27T17:15:57.390+0000] {manager.py:997} INFO - 
================================================================================
DAG File Processing Stats

File Path                          PID    Runtime      # DAGs    # Errors  Last Runtime    Last Run               Last # of DB Queries
---------------------------------  -----  ---------  --------  ----------  --------------  -------------------  ----------------------
/opt/airflow/dags/instructions.py                           1           0  0.11s           2025-08-27T17:15:57                      10
================================================================================
[2025-08-27T17:16:27.650+0000] {manager.py:997} INFO - 
================================================================================
DAG File Processing Stats

File Path                          PID    Runtime      # DAGs    # Errors  Last Runtime    Last Run               Last # of DB Queries
---------------------------------  -----  ---------  --------  ----------  --------------  -------------------  ----------------------
/opt/airflow/dags/instructions.py                           1           0  0.11s           2025-08-27T17:16:27                      10
================================================================================
[2025-08-27T17:16:57.909+0000] {manager.py:997} INFO - 
================================================================================
DAG File Processing Stats

File Path                          PID    Runtime      # DAGs    # Errors  Last Runtime    Last Run               Last # of DB Queries
---------------------------------  -----  ---------  --------  ----------  --------------  -------------------  ----------------------
/opt/airflow/dags/instructions.py                           1           0  0.11s           2025-08-27T17:16:57                      10
================================================================================
[2025-08-27T17:17:28.171+0000] {manager.py:997} INFO - 
================================================================================
DAG File Processing Stats

File Path                          PID    Runtime      # DAGs    # Errors  Last Runtime    Last Run               Last # of DB Queries
---------------------------------  -----  ---------  --------  ----------  --------------  -------------------  ----------------------
/opt/airflow/dags/instructions.py                           1           0  0.11s           2025-08-27T17:17:28                      10
================================================================================
[2025-08-27T17:17:58.397+0000] {manager.py:997} INFO - 
================================================================================
DAG File Processing Stats

File Path                          PID    Runtime      # DAGs    # Errors  Last Runtime    Last Run               Last # of DB Queries
---------------------------------  -----  ---------  --------  ----------  --------------  -------------------  ----------------------
/opt/airflow/dags/instructions.py                           1           0  0.11s           2025-08-27T17:17:58                      10
================================================================================
[2025-08-27T17:18:28.582+0000] {manager.py:997} INFO - 
================================================================================
DAG File Processing Stats

File Path                          PID    Runtime      # DAGs    # Errors  Last Runtime    Last Run               Last # of DB Queries
---------------------------------  -----  ---------  --------  ----------  --------------  -------------------  ----------------------
/opt/airflow/dags/instructions.py                           1           0  0.11s           2025-08-27T17:18:28                      10
================================================================================
[2025-08-27T17:18:54.336+0000] {manager.py:465} INFO - Exiting gracefully upon receiving signal 15
[2025-08-27T17:19:00.983+0000] {manager.py:483} INFO - Processing files using up to 1 processes at a time 
[2025-08-27T17:19:00.983+0000] {manager.py:484} INFO - Process each file at most once every 30 seconds
[2025-08-27T17:19:00.984+0000] {manager.py:485} INFO - Checking for new files in /opt/airflow/dags every 300 seconds
[2025-08-27T17:19:00.984+0000] {manager.py:821} INFO - Searching for files in /opt/airflow/dags
[2025-08-27T17:19:00.985+0000] {manager.py:824} INFO - There are 1 files in /opt/airflow/dags
[2025-08-27T17:19:01.103+0000] {manager.py:997} INFO - 
================================================================================
DAG File Processing Stats

File Path                          PID    Runtime      # DAGs    # Errors  Last Runtime    Last Run               Last # of DB Queries
---------------------------------  -----  ---------  --------  ----------  --------------  -------------------  ----------------------
/opt/airflow/dags/instructions.py                           1           0  0.10s           2025-08-27T17:19:01                      10
================================================================================
[2025-08-27T17:19:31.472+0000] {manager.py:997} INFO - 
================================================================================
DAG File Processing Stats

File Path                          PID    Runtime      # DAGs    # Errors  Last Runtime    Last Run               Last # of DB Queries
---------------------------------  -----  ---------  --------  ----------  --------------  -------------------  ----------------------
/opt/airflow/dags/instructions.py                           1           0  0.11s           2025-08-27T17:19:31                      10
================================================================================
[2025-08-27T17:19:52.447+0000] {manager.py:465} INFO - Exiting gracefully upon receiving signal 15
[2025-08-27T17:20:09.181+0000] {manager.py:483} INFO - Processing files using up to 1 processes at a time 
[2025-08-27T17:20:09.182+0000] {manager.py:484} INFO - Process each file at most once every 30 seconds
[2025-08-27T17:20:09.185+0000] {manager.py:485} INFO - Checking for new files in /opt/airflow/dags every 300 seconds
[2025-08-27T17:20:09.185+0000] {manager.py:821} INFO - Searching for files in /opt/airflow/dags
[2025-08-27T17:20:09.186+0000] {manager.py:824} INFO - There are 1 files in /opt/airflow/dags
[2025-08-27T17:20:09.516+0000] {manager.py:997} INFO - 
================================================================================
DAG File Processing Stats

File Path                          PID    Runtime      # DAGs    # Errors  Last Runtime    Last Run               Last # of DB Queries
---------------------------------  -----  ---------  --------  ----------  --------------  -------------------  ----------------------
/opt/airflow/dags/instructions.py                           1           0  0.30s           2025-08-27T17:20:09                      43
================================================================================
[2025-08-27T17:20:40.500+0000] {manager.py:997} INFO - 
================================================================================
DAG File Processing Stats

File Path                          PID    Runtime      # DAGs    # Errors  Last Runtime    Last Run               Last # of DB Queries
---------------------------------  -----  ---------  --------  ----------  --------------  -------------------  ----------------------
/opt/airflow/dags/instructions.py                           1           0  0.11s           2025-08-27T17:20:40                      10
================================================================================
[2025-08-27T17:21:11.099+0000] {manager.py:997} INFO - 
================================================================================
DAG File Processing Stats

File Path                          PID    Runtime      # DAGs    # Errors  Last Runtime    Last Run               Last # of DB Queries
---------------------------------  -----  ---------  --------  ----------  --------------  -------------------  ----------------------
/opt/airflow/dags/instructions.py                           1           0  0.11s           2025-08-27T17:21:11                      10
================================================================================
[2025-08-27T17:21:41.424+0000] {manager.py:997} INFO - 
================================================================================
DAG File Processing Stats

File Path                          PID    Runtime      # DAGs    # Errors  Last Runtime    Last Run               Last # of DB Queries
---------------------------------  -----  ---------  --------  ----------  --------------  -------------------  ----------------------
/opt/airflow/dags/instructions.py                           1           0  0.11s           2025-08-27T17:21:41                      10
================================================================================
[2025-08-27T17:22:11.740+0000] {manager.py:997} INFO - 
================================================================================
DAG File Processing Stats

File Path                          PID    Runtime      # DAGs    # Errors  Last Runtime    Last Run               Last # of DB Queries
---------------------------------  -----  ---------  --------  ----------  --------------  -------------------  ----------------------
/opt/airflow/dags/instructions.py                           1           0  0.11s           2025-08-27T17:22:11                      10
================================================================================
[2025-08-27T17:22:42.008+0000] {manager.py:997} INFO - 
================================================================================
DAG File Processing Stats

File Path                          PID    Runtime      # DAGs    # Errors  Last Runtime    Last Run               Last # of DB Queries
---------------------------------  -----  ---------  --------  ----------  --------------  -------------------  ----------------------
/opt/airflow/dags/instructions.py                           1           0  0.11s           2025-08-27T17:22:42                      10
================================================================================
[2025-08-27T17:23:12.316+0000] {manager.py:997} INFO - 
================================================================================
DAG File Processing Stats

File Path                          PID    Runtime      # DAGs    # Errors  Last Runtime    Last Run               Last # of DB Queries
---------------------------------  -----  ---------  --------  ----------  --------------  -------------------  ----------------------
/opt/airflow/dags/instructions.py                           1           0  0.11s           2025-08-27T17:23:12                      10
================================================================================
[2025-08-27T17:23:42.632+0000] {manager.py:997} INFO - 
================================================================================
DAG File Processing Stats

File Path                          PID    Runtime      # DAGs    # Errors  Last Runtime    Last Run               Last # of DB Queries
---------------------------------  -----  ---------  --------  ----------  --------------  -------------------  ----------------------
/opt/airflow/dags/instructions.py                           1           0  0.12s           2025-08-27T17:23:42                      10
================================================================================
[2025-08-27T17:24:12.912+0000] {manager.py:997} INFO - 
================================================================================
DAG File Processing Stats

File Path                          PID    Runtime      # DAGs    # Errors  Last Runtime    Last Run               Last # of DB Queries
---------------------------------  -----  ---------  --------  ----------  --------------  -------------------  ----------------------
/opt/airflow/dags/instructions.py                           1           0  0.11s           2025-08-27T17:24:12                      10
================================================================================
[2025-08-27T17:24:43.170+0000] {manager.py:997} INFO - 
================================================================================
DAG File Processing Stats

File Path                          PID    Runtime      # DAGs    # Errors  Last Runtime    Last Run               Last # of DB Queries
---------------------------------  -----  ---------  --------  ----------  --------------  -------------------  ----------------------
/opt/airflow/dags/instructions.py                           1           0  0.10s           2025-08-27T17:24:43                      10
================================================================================
[2025-08-27T17:25:09.326+0000] {manager.py:821} INFO - Searching for files in /opt/airflow/dags
[2025-08-27T17:25:09.335+0000] {manager.py:824} INFO - There are 1 files in /opt/airflow/dags
[2025-08-27T17:25:13.506+0000] {manager.py:997} INFO - 
================================================================================
DAG File Processing Stats

File Path                          PID    Runtime      # DAGs    # Errors  Last Runtime    Last Run               Last # of DB Queries
---------------------------------  -----  ---------  --------  ----------  --------------  -------------------  ----------------------
/opt/airflow/dags/instructions.py                           1           0  0.11s           2025-08-27T17:25:13                      10
================================================================================
[2025-08-27T17:25:43.811+0000] {manager.py:997} INFO - 
================================================================================
DAG File Processing Stats

File Path                          PID    Runtime      # DAGs    # Errors  Last Runtime    Last Run               Last # of DB Queries
---------------------------------  -----  ---------  --------  ----------  --------------  -------------------  ----------------------
/opt/airflow/dags/instructions.py                           1           0  0.11s           2025-08-27T17:25:43                      10
================================================================================
[2025-08-27T17:25:53.130+0000] {manager.py:465} INFO - Exiting gracefully upon receiving signal 15
[2025-08-27T17:26:11.294+0000] {manager.py:483} INFO - Processing files using up to 1 processes at a time 
[2025-08-27T17:26:11.294+0000] {manager.py:484} INFO - Process each file at most once every 30 seconds
[2025-08-27T17:26:11.296+0000] {manager.py:485} INFO - Checking for new files in /opt/airflow/dags every 300 seconds
[2025-08-27T17:26:11.298+0000] {manager.py:821} INFO - Searching for files in /opt/airflow/dags
[2025-08-27T17:26:11.303+0000] {manager.py:824} INFO - There are 1 files in /opt/airflow/dags
[2025-08-27T17:26:11.709+0000] {manager.py:997} INFO - 
================================================================================
DAG File Processing Stats

File Path                          PID    Runtime      # DAGs    # Errors  Last Runtime    Last Run               Last # of DB Queries
---------------------------------  -----  ---------  --------  ----------  --------------  -------------------  ----------------------
/opt/airflow/dags/instructions.py                           1           0  0.31s           2025-08-27T17:26:11                      43
================================================================================
[2025-08-27T17:26:42.560+0000] {manager.py:997} INFO - 
================================================================================
DAG File Processing Stats

File Path                          PID    Runtime      # DAGs    # Errors  Last Runtime    Last Run               Last # of DB Queries
---------------------------------  -----  ---------  --------  ----------  --------------  -------------------  ----------------------
/opt/airflow/dags/instructions.py                           1           0  0.11s           2025-08-27T17:26:42                      10
================================================================================
[2025-08-27T17:27:12.915+0000] {manager.py:997} INFO - 
================================================================================
DAG File Processing Stats

File Path                          PID    Runtime      # DAGs    # Errors  Last Runtime    Last Run               Last # of DB Queries
---------------------------------  -----  ---------  --------  ----------  --------------  -------------------  ----------------------
/opt/airflow/dags/instructions.py                           1           0  0.11s           2025-08-27T17:27:12                      10
================================================================================
[2025-08-27T17:27:43.165+0000] {manager.py:997} INFO - 
================================================================================
DAG File Processing Stats

File Path                          PID    Runtime      # DAGs    # Errors  Last Runtime    Last Run               Last # of DB Queries
---------------------------------  -----  ---------  --------  ----------  --------------  -------------------  ----------------------
/opt/airflow/dags/instructions.py                           1           0  0.11s           2025-08-27T17:27:43                      10
================================================================================
[2025-08-27T17:28:13.399+0000] {manager.py:997} INFO - 
================================================================================
DAG File Processing Stats

File Path                          PID    Runtime      # DAGs    # Errors  Last Runtime    Last Run               Last # of DB Queries
---------------------------------  -----  ---------  --------  ----------  --------------  -------------------  ----------------------
/opt/airflow/dags/instructions.py                           1           0  0.11s           2025-08-27T17:28:13                      10
================================================================================
[2025-08-27T17:28:43.655+0000] {manager.py:997} INFO - 
================================================================================
DAG File Processing Stats

File Path                          PID    Runtime      # DAGs    # Errors  Last Runtime    Last Run               Last # of DB Queries
---------------------------------  -----  ---------  --------  ----------  --------------  -------------------  ----------------------
/opt/airflow/dags/instructions.py                           1           0  0.11s           2025-08-27T17:28:43                      10
================================================================================
[2025-08-27T17:29:13.897+0000] {manager.py:997} INFO - 
================================================================================
DAG File Processing Stats

File Path                          PID    Runtime      # DAGs    # Errors  Last Runtime    Last Run               Last # of DB Queries
---------------------------------  -----  ---------  --------  ----------  --------------  -------------------  ----------------------
/opt/airflow/dags/instructions.py                           1           0  0.10s           2025-08-27T17:29:13                      10
================================================================================
[2025-08-27T17:29:28.442+0000] {manager.py:465} INFO - Exiting gracefully upon receiving signal 15
[2025-08-27T17:29:45.234+0000] {manager.py:483} INFO - Processing files using up to 1 processes at a time 
[2025-08-27T17:29:45.235+0000] {manager.py:484} INFO - Process each file at most once every 30 seconds
[2025-08-27T17:29:45.236+0000] {manager.py:485} INFO - Checking for new files in /opt/airflow/dags every 300 seconds
[2025-08-27T17:29:45.236+0000] {manager.py:821} INFO - Searching for files in /opt/airflow/dags
[2025-08-27T17:29:45.241+0000] {manager.py:824} INFO - There are 1 files in /opt/airflow/dags
[2025-08-27T17:29:45.459+0000] {manager.py:997} INFO - 
================================================================================
DAG File Processing Stats

File Path                          PID    Runtime      # DAGs    # Errors  Last Runtime    Last Run               Last # of DB Queries
---------------------------------  -----  ---------  --------  ----------  --------------  -------------------  ----------------------
/opt/airflow/dags/instructions.py                           1           0  0.20s           2025-08-27T17:29:45                      43
================================================================================
[2025-08-27T17:30:15.936+0000] {manager.py:997} INFO - 
================================================================================
DAG File Processing Stats

File Path                          PID    Runtime      # DAGs    # Errors  Last Runtime    Last Run               Last # of DB Queries
---------------------------------  -----  ---------  --------  ----------  --------------  -------------------  ----------------------
/opt/airflow/dags/instructions.py                           1           0  0.11s           2025-08-27T17:30:15                      10
================================================================================
[2025-08-27T17:30:46.052+0000] {manager.py:997} INFO - 
================================================================================
DAG File Processing Stats

File Path                          PID    Runtime      # DAGs    # Errors  Last Runtime    Last Run               Last # of DB Queries
---------------------------------  -----  ---------  --------  ----------  --------------  -------------------  ----------------------
/opt/airflow/dags/instructions.py                           1           0  0.11s           2025-08-27T17:30:46                      10
================================================================================
[2025-08-27T17:31:16.293+0000] {manager.py:997} INFO - 
================================================================================
DAG File Processing Stats

File Path                          PID    Runtime      # DAGs    # Errors  Last Runtime    Last Run               Last # of DB Queries
---------------------------------  -----  ---------  --------  ----------  --------------  -------------------  ----------------------
/opt/airflow/dags/instructions.py                           1           0  0.11s           2025-08-27T17:31:16                      10
================================================================================
[2025-08-27T17:31:46.541+0000] {manager.py:997} INFO - 
================================================================================
DAG File Processing Stats

File Path                          PID    Runtime      # DAGs    # Errors  Last Runtime    Last Run               Last # of DB Queries
---------------------------------  -----  ---------  --------  ----------  --------------  -------------------  ----------------------
/opt/airflow/dags/instructions.py                           1           0  0.11s           2025-08-27T17:31:46                      10
================================================================================
[2025-08-27T17:32:16.801+0000] {manager.py:997} INFO - 
================================================================================
DAG File Processing Stats

File Path                          PID    Runtime      # DAGs    # Errors  Last Runtime    Last Run               Last # of DB Queries
---------------------------------  -----  ---------  --------  ----------  --------------  -------------------  ----------------------
/opt/airflow/dags/instructions.py                           1           0  0.12s           2025-08-27T17:32:16                      10
================================================================================
[2025-08-27T17:32:47.034+0000] {manager.py:997} INFO - 
================================================================================
DAG File Processing Stats

File Path                          PID    Runtime      # DAGs    # Errors  Last Runtime    Last Run               Last # of DB Queries
---------------------------------  -----  ---------  --------  ----------  --------------  -------------------  ----------------------
/opt/airflow/dags/instructions.py                           1           0  0.11s           2025-08-27T17:32:47                      10
================================================================================
[2025-08-27T17:33:14.338+0000] {manager.py:465} INFO - Exiting gracefully upon receiving signal 15
[2025-08-27T17:33:30.998+0000] {manager.py:483} INFO - Processing files using up to 1 processes at a time 
[2025-08-27T17:33:30.999+0000] {manager.py:484} INFO - Process each file at most once every 30 seconds
[2025-08-27T17:33:30.999+0000] {manager.py:485} INFO - Checking for new files in /opt/airflow/dags every 300 seconds
[2025-08-27T17:33:30.999+0000] {manager.py:821} INFO - Searching for files in /opt/airflow/dags
[2025-08-27T17:33:31.000+0000] {manager.py:824} INFO - There are 1 files in /opt/airflow/dags
[2025-08-27T17:33:31.222+0000] {manager.py:997} INFO - 
================================================================================
DAG File Processing Stats

File Path                          PID    Runtime      # DAGs    # Errors  Last Runtime    Last Run               Last # of DB Queries
---------------------------------  -----  ---------  --------  ----------  --------------  -------------------  ----------------------
/opt/airflow/dags/instructions.py                           1           0  0.20s           2025-08-27T17:33:31                      43
================================================================================
[2025-08-27T17:34:02.256+0000] {manager.py:997} INFO - 
================================================================================
DAG File Processing Stats

File Path                          PID    Runtime      # DAGs    # Errors  Last Runtime    Last Run               Last # of DB Queries
---------------------------------  -----  ---------  --------  ----------  --------------  -------------------  ----------------------
/opt/airflow/dags/instructions.py                           1           0  0.11s           2025-08-27T17:34:02                      10
================================================================================
[2025-08-27T17:34:33.394+0000] {manager.py:997} INFO - 
================================================================================
DAG File Processing Stats

File Path                          PID    Runtime      # DAGs    # Errors  Last Runtime    Last Run               Last # of DB Queries
---------------------------------  -----  ---------  --------  ----------  --------------  -------------------  ----------------------
/opt/airflow/dags/instructions.py                           1           0  0.11s           2025-08-27T17:34:33                      10
================================================================================
[2025-08-27T17:35:04.553+0000] {manager.py:997} INFO - 
================================================================================
DAG File Processing Stats

File Path                          PID    Runtime      # DAGs    # Errors  Last Runtime    Last Run               Last # of DB Queries
---------------------------------  -----  ---------  --------  ----------  --------------  -------------------  ----------------------
/opt/airflow/dags/instructions.py                           1           0  0.11s           2025-08-27T17:35:04                      10
================================================================================
[2025-08-27T17:35:35.029+0000] {manager.py:997} INFO - 
================================================================================
DAG File Processing Stats

File Path                          PID    Runtime      # DAGs    # Errors  Last Runtime    Last Run               Last # of DB Queries
---------------------------------  -----  ---------  --------  ----------  --------------  -------------------  ----------------------
/opt/airflow/dags/instructions.py                           1           0  0.11s           2025-08-27T17:35:35                      10
================================================================================
[2025-08-27T17:36:05.247+0000] {manager.py:997} INFO - 
================================================================================
DAG File Processing Stats

File Path                          PID    Runtime      # DAGs    # Errors  Last Runtime    Last Run               Last # of DB Queries
---------------------------------  -----  ---------  --------  ----------  --------------  -------------------  ----------------------
/opt/airflow/dags/instructions.py                           1           0  0.11s           2025-08-27T17:36:05                      10
================================================================================
[2025-08-27T17:36:09.974+0000] {manager.py:465} INFO - Exiting gracefully upon receiving signal 15
[2025-08-27T17:36:25.147+0000] {manager.py:483} INFO - Processing files using up to 1 processes at a time 
[2025-08-27T17:36:25.147+0000] {manager.py:484} INFO - Process each file at most once every 30 seconds
[2025-08-27T17:36:25.148+0000] {manager.py:485} INFO - Checking for new files in /opt/airflow/dags every 300 seconds
[2025-08-27T17:36:25.149+0000] {manager.py:821} INFO - Searching for files in /opt/airflow/dags
[2025-08-27T17:36:25.151+0000] {manager.py:824} INFO - There are 1 files in /opt/airflow/dags
[2025-08-27T17:36:25.533+0000] {manager.py:997} INFO - 
================================================================================
DAG File Processing Stats

File Path                          PID    Runtime      # DAGs    # Errors  Last Runtime    Last Run               Last # of DB Queries
---------------------------------  -----  ---------  --------  ----------  --------------  -------------------  ----------------------
/opt/airflow/dags/instructions.py                           1           0  0.31s           2025-08-27T17:36:25                      43
================================================================================
[2025-08-27T17:36:59.319+0000] {manager.py:997} INFO - 
================================================================================
DAG File Processing Stats

File Path                          PID    Runtime      # DAGs    # Errors  Last Runtime    Last Run               Last # of DB Queries
---------------------------------  -----  ---------  --------  ----------  --------------  -------------------  ----------------------
/opt/airflow/dags/instructions.py                           1           0  0.10s           2025-08-27T17:36:59                      10
================================================================================
[2025-08-27T17:37:30.417+0000] {manager.py:997} INFO - 
================================================================================
DAG File Processing Stats

File Path                          PID    Runtime      # DAGs    # Errors  Last Runtime    Last Run               Last # of DB Queries
---------------------------------  -----  ---------  --------  ----------  --------------  -------------------  ----------------------
/opt/airflow/dags/instructions.py                           1           0  0.11s           2025-08-27T17:37:30                      10
================================================================================
[2025-08-27T17:38:01.564+0000] {manager.py:997} INFO - 
================================================================================
DAG File Processing Stats

File Path                          PID    Runtime      # DAGs    # Errors  Last Runtime    Last Run               Last # of DB Queries
---------------------------------  -----  ---------  --------  ----------  --------------  -------------------  ----------------------
/opt/airflow/dags/instructions.py                           1           0  0.11s           2025-08-27T17:38:01                      10
================================================================================
[2025-08-27T17:38:31.957+0000] {manager.py:997} INFO - 
================================================================================
DAG File Processing Stats

File Path                          PID    Runtime      # DAGs    # Errors  Last Runtime    Last Run               Last # of DB Queries
---------------------------------  -----  ---------  --------  ----------  --------------  -------------------  ----------------------
/opt/airflow/dags/instructions.py                           1           0  0.11s           2025-08-27T17:38:31                      10
================================================================================
[2025-08-27T17:39:02.350+0000] {manager.py:997} INFO - 
================================================================================
DAG File Processing Stats

File Path                          PID    Runtime      # DAGs    # Errors  Last Runtime    Last Run               Last # of DB Queries
---------------------------------  -----  ---------  --------  ----------  --------------  -------------------  ----------------------
/opt/airflow/dags/instructions.py                           1           0  0.11s           2025-08-27T17:39:02                      10
================================================================================
[2025-08-27T17:39:31.204+0000] {manager.py:465} INFO - Exiting gracefully upon receiving signal 15
[2025-08-27T17:39:47.873+0000] {manager.py:483} INFO - Processing files using up to 1 processes at a time 
[2025-08-27T17:39:47.873+0000] {manager.py:484} INFO - Process each file at most once every 30 seconds
[2025-08-27T17:39:47.873+0000] {manager.py:485} INFO - Checking for new files in /opt/airflow/dags every 300 seconds
[2025-08-27T17:39:47.873+0000] {manager.py:821} INFO - Searching for files in /opt/airflow/dags
[2025-08-27T17:39:47.875+0000] {manager.py:824} INFO - There are 1 files in /opt/airflow/dags
[2025-08-27T17:39:48.097+0000] {manager.py:997} INFO - 
================================================================================
DAG File Processing Stats

File Path                          PID    Runtime      # DAGs    # Errors  Last Runtime    Last Run               Last # of DB Queries
---------------------------------  -----  ---------  --------  ----------  --------------  -------------------  ----------------------
/opt/airflow/dags/instructions.py                           1           0  0.20s           2025-08-27T17:39:48                      43
================================================================================
[2025-08-27T17:40:23.934+0000] {manager.py:997} INFO - 
================================================================================
DAG File Processing Stats

File Path                          PID    Runtime      # DAGs    # Errors  Last Runtime    Last Run               Last # of DB Queries
---------------------------------  -----  ---------  --------  ----------  --------------  -------------------  ----------------------
/opt/airflow/dags/instructions.py                           1           0  0.11s           2025-08-27T17:40:23                      10
================================================================================
[2025-08-27T17:40:55.061+0000] {manager.py:997} INFO - 
================================================================================
DAG File Processing Stats

File Path                          PID    Runtime      # DAGs    # Errors  Last Runtime    Last Run               Last # of DB Queries
---------------------------------  -----  ---------  --------  ----------  --------------  -------------------  ----------------------
/opt/airflow/dags/instructions.py                           1           0  0.11s           2025-08-27T17:40:55                      10
================================================================================
