[2025-08-28T01:29:47.435+0000] {local_task_job_runner.py:123} INFO - ::group::Pre task execution logs
[2025-08-28T01:29:47.438+0000] {taskinstance.py:2612} INFO - Dependencies all met for dep_context=non-requeueable deps ti=<TaskInstance: march_madness_predictions.predict manual__2025-08-28T01:29:36.230628+00:00 [queued]>
[2025-08-28T01:29:47.440+0000] {taskinstance.py:2612} INFO - Dependencies all met for dep_context=requeueable deps ti=<TaskInstance: march_madness_predictions.predict manual__2025-08-28T01:29:36.230628+00:00 [queued]>
[2025-08-28T01:29:47.440+0000] {taskinstance.py:2865} INFO - Starting attempt 1 of 2
[2025-08-28T01:29:47.445+0000] {taskinstance.py:2888} INFO - Executing <Task(BashOperator): predict> on 2025-08-28 01:29:36.230628+00:00
[2025-08-28T01:29:47.446+0000] {standard_task_runner.py:72} INFO - Started process 702 to run task
[2025-08-28T01:29:47.448+0000] {standard_task_runner.py:104} INFO - Running: ['airflow', 'tasks', 'run', 'march_madness_predictions', 'predict', 'manual__2025-08-28T01:29:36.230628+00:00', '--job-id', '13', '--raw', '--subdir', 'DAGS_FOLDER/instructions.py', '--cfg-path', '/tmp/tmpjwugejws']
[2025-08-28T01:29:47.449+0000] {standard_task_runner.py:105} INFO - Job 13: Subtask predict
[2025-08-28T01:29:47.461+0000] {task_command.py:467} INFO - Running <TaskInstance: march_madness_predictions.predict manual__2025-08-28T01:29:36.230628+00:00 [running]> on host a2f9655ea3c9
[2025-08-28T01:29:47.479+0000] {taskinstance.py:3131} INFO - Exporting env vars: AIRFLOW_CTX_DAG_OWNER='airflow' AIRFLOW_CTX_DAG_ID='march_madness_predictions' AIRFLOW_CTX_TASK_ID='predict' AIRFLOW_CTX_EXECUTION_DATE='2025-08-28T01:29:36.230628+00:00' AIRFLOW_CTX_TRY_NUMBER='1' AIRFLOW_CTX_DAG_RUN_ID='manual__2025-08-28T01:29:36.230628+00:00'
[2025-08-28T01:29:47.479+0000] {taskinstance.py:731} INFO - ::endgroup::
[2025-08-28T01:29:47.485+0000] {subprocess.py:63} INFO - Tmp dir root location: /tmp
[2025-08-28T01:29:47.485+0000] {subprocess.py:75} INFO - Running command: ['/usr/bin/bash', '-c', 'python /opt/airflow/scripts/predict.py']
[2025-08-28T01:29:47.488+0000] {subprocess.py:86} INFO - Output:
[2025-08-28T01:29:48.054+0000] {subprocess.py:97} INFO - Command exited with return code 0
[2025-08-28T01:29:48.061+0000] {taskinstance.py:340} INFO - ::group::Post task execution logs
[2025-08-28T01:29:48.061+0000] {taskinstance.py:352} INFO - Marking task as SUCCESS. dag_id=march_madness_predictions, task_id=predict, run_id=manual__2025-08-28T01:29:36.230628+00:00, execution_date=20250828T012936, start_date=20250828T012947, end_date=20250828T012948
[2025-08-28T01:29:48.096+0000] {local_task_job_runner.py:266} INFO - Task exited with return code 0
[2025-08-28T01:29:48.101+0000] {taskinstance.py:3900} INFO - 0 downstream tasks scheduled from follow-on schedule check
[2025-08-28T01:29:48.102+0000] {local_task_job_runner.py:245} INFO - ::endgroup::
