[2025-08-27T17:40:29.924+0000] {local_task_job_runner.py:123} INFO - ::group::Pre task execution logs
[2025-08-27T17:40:29.927+0000] {taskinstance.py:2612} INFO - Dependencies all met for dep_context=non-requeueable deps ti=<TaskInstance: ml_pipeline_simple.predict manual__2025-08-27T17:40:04.445060+00:00 [queued]>
[2025-08-27T17:40:29.929+0000] {taskinstance.py:2612} INFO - Dependencies all met for dep_context=requeueable deps ti=<TaskInstance: ml_pipeline_simple.predict manual__2025-08-27T17:40:04.445060+00:00 [queued]>
[2025-08-27T17:40:29.929+0000] {taskinstance.py:2865} INFO - Starting attempt 1 of 2
[2025-08-27T17:40:29.934+0000] {taskinstance.py:2888} INFO - Executing <Task(BashOperator): predict> on 2025-08-27 17:40:04.445060+00:00
[2025-08-27T17:40:29.935+0000] {standard_task_runner.py:72} INFO - Started process 469 to run task
[2025-08-27T17:40:29.937+0000] {standard_task_runner.py:104} INFO - Running: ['airflow', 'tasks', 'run', 'ml_pipeline_simple', 'predict', 'manual__2025-08-27T17:40:04.445060+00:00', '--job-id', '9', '--raw', '--subdir', 'DAGS_FOLDER/instructions.py', '--cfg-path', '/tmp/tmpz536wkg9']
[2025-08-27T17:40:29.938+0000] {standard_task_runner.py:105} INFO - Job 9: Subtask predict
[2025-08-27T17:40:29.950+0000] {task_command.py:467} INFO - Running <TaskInstance: ml_pipeline_simple.predict manual__2025-08-27T17:40:04.445060+00:00 [running]> on host 5987ed996c62
[2025-08-27T17:40:29.968+0000] {taskinstance.py:3131} INFO - Exporting env vars: AIRFLOW_CTX_DAG_OWNER='airflow' AIRFLOW_CTX_DAG_ID='ml_pipeline_simple' AIRFLOW_CTX_TASK_ID='predict' AIRFLOW_CTX_EXECUTION_DATE='2025-08-27T17:40:04.445060+00:00' AIRFLOW_CTX_TRY_NUMBER='1' AIRFLOW_CTX_DAG_RUN_ID='manual__2025-08-27T17:40:04.445060+00:00'
[2025-08-27T17:40:29.968+0000] {taskinstance.py:731} INFO - ::endgroup::
[2025-08-27T17:40:29.974+0000] {subprocess.py:63} INFO - Tmp dir root location: /tmp
[2025-08-27T17:40:29.974+0000] {subprocess.py:75} INFO - Running command: ['/usr/bin/bash', '-c', 'python /opt/airflow/scripts/predict.py']
[2025-08-27T17:40:29.978+0000] {subprocess.py:86} INFO - Output:
[2025-08-27T17:40:30.581+0000] {subprocess.py:97} INFO - Command exited with return code 0
[2025-08-27T17:40:30.589+0000] {taskinstance.py:340} INFO - ::group::Post task execution logs
[2025-08-27T17:40:30.589+0000] {taskinstance.py:352} INFO - Marking task as SUCCESS. dag_id=ml_pipeline_simple, task_id=predict, run_id=manual__2025-08-27T17:40:04.445060+00:00, execution_date=20250827T174004, start_date=20250827T174029, end_date=20250827T174030
[2025-08-27T17:40:30.631+0000] {local_task_job_runner.py:266} INFO - Task exited with return code 0
[2025-08-27T17:40:30.636+0000] {taskinstance.py:3900} INFO - 0 downstream tasks scheduled from follow-on schedule check
[2025-08-27T17:40:30.636+0000] {local_task_job_runner.py:245} INFO - ::endgroup::
