[2025-08-28T15:40:53.802+0000] {local_task_job_runner.py:123} INFO - ::group::Pre task execution logs
[2025-08-28T15:40:53.805+0000] {taskinstance.py:2612} INFO - Dependencies all met for dep_context=non-requeueable deps ti=<TaskInstance: march_madness_predictions.predict manual__2025-08-28T15:40:33.914532+00:00 [queued]>
[2025-08-28T15:40:53.807+0000] {taskinstance.py:2612} INFO - Dependencies all met for dep_context=requeueable deps ti=<TaskInstance: march_madness_predictions.predict manual__2025-08-28T15:40:33.914532+00:00 [queued]>
[2025-08-28T15:40:53.807+0000] {taskinstance.py:2865} INFO - Starting attempt 1 of 2
[2025-08-28T15:40:53.813+0000] {taskinstance.py:2888} INFO - Executing <Task(BashOperator): predict> on 2025-08-28 15:40:33.914532+00:00
[2025-08-28T15:40:53.814+0000] {standard_task_runner.py:72} INFO - Started process 469 to run task
[2025-08-28T15:40:53.816+0000] {standard_task_runner.py:104} INFO - Running: ['airflow', 'tasks', 'run', 'march_madness_predictions', 'predict', 'manual__2025-08-28T15:40:33.914532+00:00', '--job-id', '9', '--raw', '--subdir', 'DAGS_FOLDER/instructions.py', '--cfg-path', '/tmp/tmpsnf0ffua']
[2025-08-28T15:40:53.817+0000] {standard_task_runner.py:105} INFO - Job 9: Subtask predict
[2025-08-28T15:40:53.828+0000] {task_command.py:467} INFO - Running <TaskInstance: march_madness_predictions.predict manual__2025-08-28T15:40:33.914532+00:00 [running]> on host bc69290b6b8f
[2025-08-28T15:40:53.845+0000] {taskinstance.py:3131} INFO - Exporting env vars: AIRFLOW_CTX_DAG_OWNER='airflow' AIRFLOW_CTX_DAG_ID='march_madness_predictions' AIRFLOW_CTX_TASK_ID='predict' AIRFLOW_CTX_EXECUTION_DATE='2025-08-28T15:40:33.914532+00:00' AIRFLOW_CTX_TRY_NUMBER='1' AIRFLOW_CTX_DAG_RUN_ID='manual__2025-08-28T15:40:33.914532+00:00'
[2025-08-28T15:40:53.845+0000] {taskinstance.py:731} INFO - ::endgroup::
[2025-08-28T15:40:53.850+0000] {subprocess.py:63} INFO - Tmp dir root location: /tmp
[2025-08-28T15:40:53.851+0000] {subprocess.py:75} INFO - Running command: ['/usr/bin/bash', '-c', 'python /opt/airflow/scripts/predict.py']
[2025-08-28T15:40:53.853+0000] {subprocess.py:86} INFO - Output:
[2025-08-28T15:40:54.430+0000] {subprocess.py:97} INFO - Command exited with return code 0
[2025-08-28T15:40:54.438+0000] {taskinstance.py:340} INFO - ::group::Post task execution logs
[2025-08-28T15:40:54.438+0000] {taskinstance.py:352} INFO - Marking task as SUCCESS. dag_id=march_madness_predictions, task_id=predict, run_id=manual__2025-08-28T15:40:33.914532+00:00, execution_date=20250828T154033, start_date=20250828T154053, end_date=20250828T154054
[2025-08-28T15:40:54.471+0000] {local_task_job_runner.py:266} INFO - Task exited with return code 0
[2025-08-28T15:40:54.476+0000] {taskinstance.py:3900} INFO - 0 downstream tasks scheduled from follow-on schedule check
[2025-08-28T15:40:54.476+0000] {local_task_job_runner.py:245} INFO - ::endgroup::
