[2025-08-28T00:24:35.808+0000] {processor.py:186} INFO - Started process (PID=49) to work on /opt/airflow/dags/instructions.py
[2025-08-28T00:24:35.808+0000] {processor.py:914} INFO - Processing file /opt/airflow/dags/instructions.py for tasks to queue
[2025-08-28T00:24:35.810+0000] {logging_mixin.py:190} INFO - [2025-08-28T00:24:35.809+0000] {dagbag.py:588} INFO - Filling up the DagBag from /opt/airflow/dags/instructions.py
[2025-08-28T00:24:35.817+0000] {processor.py:925} INFO - DAG(s) 'march_madness_predictions' retrieved from /opt/airflow/dags/instructions.py
[2025-08-28T00:24:35.946+0000] {logging_mixin.py:190} INFO - [2025-08-28T00:24:35.945+0000] {override.py:1900} INFO - Created Permission View: can read on DAG:march_madness_predictions
[2025-08-28T00:24:35.959+0000] {logging_mixin.py:190} INFO - [2025-08-28T00:24:35.958+0000] {override.py:1900} INFO - Created Permission View: can edit on DAG:march_madness_predictions
[2025-08-28T00:24:35.963+0000] {logging_mixin.py:190} INFO - [2025-08-28T00:24:35.963+0000] {override.py:1900} INFO - Created Permission View: can delete on DAG:march_madness_predictions
[2025-08-28T00:24:36.008+0000] {logging_mixin.py:190} INFO - [2025-08-28T00:24:36.008+0000] {override.py:1900} INFO - Created Permission View: can read on DAG Run:march_madness_predictions
[2025-08-28T00:24:36.011+0000] {logging_mixin.py:190} INFO - [2025-08-28T00:24:36.011+0000] {override.py:1900} INFO - Created Permission View: can delete on DAG Run:march_madness_predictions
[2025-08-28T00:24:36.014+0000] {logging_mixin.py:190} INFO - [2025-08-28T00:24:36.013+0000] {override.py:1900} INFO - Created Permission View: can create on DAG Run:march_madness_predictions
[2025-08-28T00:24:36.016+0000] {logging_mixin.py:190} INFO - [2025-08-28T00:24:36.016+0000] {override.py:1900} INFO - Created Permission View: menu access on DAG Run:march_madness_predictions
[2025-08-28T00:24:36.017+0000] {logging_mixin.py:190} INFO - [2025-08-28T00:24:36.017+0000] {dag.py:3239} INFO - Sync 1 DAGs
[2025-08-28T00:24:36.021+0000] {logging_mixin.py:190} INFO - [2025-08-28T00:24:36.021+0000] {dag.py:3262} INFO - Creating ORM DAG for march_madness_predictions
[2025-08-28T00:24:36.022+0000] {logging_mixin.py:190} INFO - [2025-08-28T00:24:36.022+0000] {dag.py:4180} INFO - Setting next_dagrun for march_madness_predictions to None, run_after=None
[2025-08-28T00:24:36.028+0000] {processor.py:208} INFO - Processing /opt/airflow/dags/instructions.py took 0.224 seconds
[2025-08-28T00:25:07.812+0000] {processor.py:186} INFO - Started process (PID=219) to work on /opt/airflow/dags/instructions.py
[2025-08-28T00:25:07.813+0000] {processor.py:914} INFO - Processing file /opt/airflow/dags/instructions.py for tasks to queue
[2025-08-28T00:25:07.814+0000] {logging_mixin.py:190} INFO - [2025-08-28T00:25:07.814+0000] {dagbag.py:588} INFO - Filling up the DagBag from /opt/airflow/dags/instructions.py
[2025-08-28T00:25:07.820+0000] {processor.py:925} INFO - DAG(s) 'march_madness_predictions' retrieved from /opt/airflow/dags/instructions.py
[2025-08-28T00:25:07.829+0000] {logging_mixin.py:190} INFO - [2025-08-28T00:25:07.829+0000] {dag.py:3239} INFO - Sync 1 DAGs
[2025-08-28T00:25:07.836+0000] {logging_mixin.py:190} INFO - [2025-08-28T00:25:07.836+0000] {dag.py:4180} INFO - Setting next_dagrun for march_madness_predictions to None, run_after=None
[2025-08-28T00:25:07.844+0000] {processor.py:208} INFO - Processing /opt/airflow/dags/instructions.py took 0.034 seconds
[2025-08-28T00:25:38.052+0000] {processor.py:186} INFO - Started process (PID=220) to work on /opt/airflow/dags/instructions.py
[2025-08-28T00:25:38.052+0000] {processor.py:914} INFO - Processing file /opt/airflow/dags/instructions.py for tasks to queue
[2025-08-28T00:25:38.055+0000] {logging_mixin.py:190} INFO - [2025-08-28T00:25:38.055+0000] {dagbag.py:588} INFO - Filling up the DagBag from /opt/airflow/dags/instructions.py
[2025-08-28T00:25:38.066+0000] {processor.py:925} INFO - DAG(s) 'march_madness_predictions' retrieved from /opt/airflow/dags/instructions.py
[2025-08-28T00:25:38.082+0000] {logging_mixin.py:190} INFO - [2025-08-28T00:25:38.082+0000] {dag.py:3239} INFO - Sync 1 DAGs
[2025-08-28T00:25:38.090+0000] {logging_mixin.py:190} INFO - [2025-08-28T00:25:38.089+0000] {dag.py:4180} INFO - Setting next_dagrun for march_madness_predictions to None, run_after=None
[2025-08-28T00:25:38.099+0000] {processor.py:208} INFO - Processing /opt/airflow/dags/instructions.py took 0.053 seconds
[2025-08-28T00:26:08.468+0000] {processor.py:186} INFO - Started process (PID=221) to work on /opt/airflow/dags/instructions.py
[2025-08-28T00:26:08.469+0000] {processor.py:914} INFO - Processing file /opt/airflow/dags/instructions.py for tasks to queue
[2025-08-28T00:26:08.471+0000] {logging_mixin.py:190} INFO - [2025-08-28T00:26:08.471+0000] {dagbag.py:588} INFO - Filling up the DagBag from /opt/airflow/dags/instructions.py
[2025-08-28T00:26:08.486+0000] {processor.py:925} INFO - DAG(s) 'march_madness_predictions' retrieved from /opt/airflow/dags/instructions.py
[2025-08-28T00:26:08.504+0000] {logging_mixin.py:190} INFO - [2025-08-28T00:26:08.504+0000] {dag.py:3239} INFO - Sync 1 DAGs
[2025-08-28T00:26:08.510+0000] {logging_mixin.py:190} INFO - [2025-08-28T00:26:08.510+0000] {dag.py:4180} INFO - Setting next_dagrun for march_madness_predictions to None, run_after=None
[2025-08-28T00:26:08.519+0000] {processor.py:208} INFO - Processing /opt/airflow/dags/instructions.py took 0.057 seconds
[2025-08-28T00:26:38.859+0000] {processor.py:186} INFO - Started process (PID=222) to work on /opt/airflow/dags/instructions.py
[2025-08-28T00:26:38.860+0000] {processor.py:914} INFO - Processing file /opt/airflow/dags/instructions.py for tasks to queue
[2025-08-28T00:26:38.862+0000] {logging_mixin.py:190} INFO - [2025-08-28T00:26:38.862+0000] {dagbag.py:588} INFO - Filling up the DagBag from /opt/airflow/dags/instructions.py
[2025-08-28T00:26:38.870+0000] {processor.py:925} INFO - DAG(s) 'march_madness_predictions' retrieved from /opt/airflow/dags/instructions.py
[2025-08-28T00:26:38.884+0000] {logging_mixin.py:190} INFO - [2025-08-28T00:26:38.884+0000] {dag.py:3239} INFO - Sync 1 DAGs
[2025-08-28T00:26:38.890+0000] {logging_mixin.py:190} INFO - [2025-08-28T00:26:38.890+0000] {dag.py:4180} INFO - Setting next_dagrun for march_madness_predictions to None, run_after=None
[2025-08-28T00:26:38.899+0000] {processor.py:208} INFO - Processing /opt/airflow/dags/instructions.py took 0.045 seconds
[2025-08-28T00:27:09.275+0000] {processor.py:186} INFO - Started process (PID=223) to work on /opt/airflow/dags/instructions.py
[2025-08-28T00:27:09.276+0000] {processor.py:914} INFO - Processing file /opt/airflow/dags/instructions.py for tasks to queue
[2025-08-28T00:27:09.279+0000] {logging_mixin.py:190} INFO - [2025-08-28T00:27:09.278+0000] {dagbag.py:588} INFO - Filling up the DagBag from /opt/airflow/dags/instructions.py
[2025-08-28T00:27:09.292+0000] {processor.py:925} INFO - DAG(s) 'march_madness_predictions' retrieved from /opt/airflow/dags/instructions.py
[2025-08-28T00:27:09.311+0000] {logging_mixin.py:190} INFO - [2025-08-28T00:27:09.311+0000] {dag.py:3239} INFO - Sync 1 DAGs
[2025-08-28T00:27:09.319+0000] {logging_mixin.py:190} INFO - [2025-08-28T00:27:09.319+0000] {dag.py:4180} INFO - Setting next_dagrun for march_madness_predictions to None, run_after=None
[2025-08-28T00:27:09.329+0000] {processor.py:208} INFO - Processing /opt/airflow/dags/instructions.py took 0.061 seconds
[2025-08-28T00:27:39.618+0000] {processor.py:186} INFO - Started process (PID=224) to work on /opt/airflow/dags/instructions.py
[2025-08-28T00:27:39.619+0000] {processor.py:914} INFO - Processing file /opt/airflow/dags/instructions.py for tasks to queue
[2025-08-28T00:27:39.622+0000] {logging_mixin.py:190} INFO - [2025-08-28T00:27:39.621+0000] {dagbag.py:588} INFO - Filling up the DagBag from /opt/airflow/dags/instructions.py
[2025-08-28T00:27:39.631+0000] {processor.py:925} INFO - DAG(s) 'march_madness_predictions' retrieved from /opt/airflow/dags/instructions.py
[2025-08-28T00:27:39.645+0000] {logging_mixin.py:190} INFO - [2025-08-28T00:27:39.645+0000] {dag.py:3239} INFO - Sync 1 DAGs
[2025-08-28T00:27:39.651+0000] {logging_mixin.py:190} INFO - [2025-08-28T00:27:39.651+0000] {dag.py:4180} INFO - Setting next_dagrun for march_madness_predictions to None, run_after=None
[2025-08-28T00:27:39.661+0000] {processor.py:208} INFO - Processing /opt/airflow/dags/instructions.py took 0.049 seconds
[2025-08-28T00:28:09.765+0000] {processor.py:186} INFO - Started process (PID=225) to work on /opt/airflow/dags/instructions.py
[2025-08-28T00:28:09.766+0000] {processor.py:914} INFO - Processing file /opt/airflow/dags/instructions.py for tasks to queue
[2025-08-28T00:28:09.767+0000] {logging_mixin.py:190} INFO - [2025-08-28T00:28:09.767+0000] {dagbag.py:588} INFO - Filling up the DagBag from /opt/airflow/dags/instructions.py
[2025-08-28T00:28:09.772+0000] {processor.py:925} INFO - DAG(s) 'march_madness_predictions' retrieved from /opt/airflow/dags/instructions.py
[2025-08-28T00:28:09.781+0000] {logging_mixin.py:190} INFO - [2025-08-28T00:28:09.781+0000] {dag.py:3239} INFO - Sync 1 DAGs
[2025-08-28T00:28:09.786+0000] {logging_mixin.py:190} INFO - [2025-08-28T00:28:09.786+0000] {dag.py:4180} INFO - Setting next_dagrun for march_madness_predictions to None, run_after=None
[2025-08-28T00:28:09.795+0000] {processor.py:208} INFO - Processing /opt/airflow/dags/instructions.py took 0.033 seconds
[2025-08-28T00:28:39.893+0000] {processor.py:186} INFO - Started process (PID=226) to work on /opt/airflow/dags/instructions.py
[2025-08-28T00:28:39.894+0000] {processor.py:914} INFO - Processing file /opt/airflow/dags/instructions.py for tasks to queue
[2025-08-28T00:28:39.897+0000] {logging_mixin.py:190} INFO - [2025-08-28T00:28:39.896+0000] {dagbag.py:588} INFO - Filling up the DagBag from /opt/airflow/dags/instructions.py
[2025-08-28T00:28:39.907+0000] {processor.py:925} INFO - DAG(s) 'march_madness_predictions' retrieved from /opt/airflow/dags/instructions.py
[2025-08-28T00:28:39.920+0000] {logging_mixin.py:190} INFO - [2025-08-28T00:28:39.920+0000] {dag.py:3239} INFO - Sync 1 DAGs
[2025-08-28T00:28:39.926+0000] {logging_mixin.py:190} INFO - [2025-08-28T00:28:39.926+0000] {dag.py:4180} INFO - Setting next_dagrun for march_madness_predictions to None, run_after=None
[2025-08-28T00:28:39.936+0000] {processor.py:208} INFO - Processing /opt/airflow/dags/instructions.py took 0.049 seconds
[2025-08-28T00:29:00.880+0000] {processor.py:186} INFO - Started process (PID=49) to work on /opt/airflow/dags/instructions.py
[2025-08-28T00:29:00.881+0000] {processor.py:914} INFO - Processing file /opt/airflow/dags/instructions.py for tasks to queue
[2025-08-28T00:29:00.882+0000] {logging_mixin.py:190} INFO - [2025-08-28T00:29:00.882+0000] {dagbag.py:588} INFO - Filling up the DagBag from /opt/airflow/dags/instructions.py
[2025-08-28T00:29:00.887+0000] {processor.py:925} INFO - DAG(s) 'march_madness_predictions' retrieved from /opt/airflow/dags/instructions.py
[2025-08-28T00:29:01.000+0000] {logging_mixin.py:190} INFO - [2025-08-28T00:29:01.000+0000] {override.py:1900} INFO - Created Permission View: can read on DAG:march_madness_predictions
[2025-08-28T00:29:01.004+0000] {logging_mixin.py:190} INFO - [2025-08-28T00:29:01.004+0000] {override.py:1900} INFO - Created Permission View: can edit on DAG:march_madness_predictions
[2025-08-28T00:29:01.009+0000] {logging_mixin.py:190} INFO - [2025-08-28T00:29:01.009+0000] {override.py:1900} INFO - Created Permission View: can delete on DAG:march_madness_predictions
[2025-08-28T00:29:01.013+0000] {logging_mixin.py:190} INFO - [2025-08-28T00:29:01.013+0000] {override.py:1900} INFO - Created Permission View: menu access on DAG Run:march_madness_predictions
[2025-08-28T00:29:01.099+0000] {logging_mixin.py:190} INFO - [2025-08-28T00:29:01.098+0000] {override.py:1900} INFO - Created Permission View: can read on DAG Run:march_madness_predictions
[2025-08-28T00:29:01.108+0000] {logging_mixin.py:190} INFO - [2025-08-28T00:29:01.108+0000] {override.py:1900} INFO - Created Permission View: can create on DAG Run:march_madness_predictions
[2025-08-28T00:29:01.113+0000] {logging_mixin.py:190} INFO - [2025-08-28T00:29:01.112+0000] {override.py:1900} INFO - Created Permission View: can delete on DAG Run:march_madness_predictions
[2025-08-28T00:29:01.113+0000] {logging_mixin.py:190} INFO - [2025-08-28T00:29:01.113+0000] {dag.py:3239} INFO - Sync 1 DAGs
[2025-08-28T00:29:01.119+0000] {logging_mixin.py:190} INFO - [2025-08-28T00:29:01.118+0000] {dag.py:3262} INFO - Creating ORM DAG for march_madness_predictions
[2025-08-28T00:29:01.119+0000] {logging_mixin.py:190} INFO - [2025-08-28T00:29:01.119+0000] {dag.py:4180} INFO - Setting next_dagrun for march_madness_predictions to None, run_after=None
[2025-08-28T00:29:01.127+0000] {processor.py:208} INFO - Processing /opt/airflow/dags/instructions.py took 0.250 seconds
[2025-08-28T00:29:32.108+0000] {processor.py:186} INFO - Started process (PID=69) to work on /opt/airflow/dags/instructions.py
[2025-08-28T00:29:32.109+0000] {processor.py:914} INFO - Processing file /opt/airflow/dags/instructions.py for tasks to queue
[2025-08-28T00:29:32.112+0000] {logging_mixin.py:190} INFO - [2025-08-28T00:29:32.111+0000] {dagbag.py:588} INFO - Filling up the DagBag from /opt/airflow/dags/instructions.py
[2025-08-28T00:29:32.122+0000] {processor.py:925} INFO - DAG(s) 'march_madness_predictions' retrieved from /opt/airflow/dags/instructions.py
[2025-08-28T00:29:32.137+0000] {logging_mixin.py:190} INFO - [2025-08-28T00:29:32.137+0000] {dag.py:3239} INFO - Sync 1 DAGs
[2025-08-28T00:29:32.144+0000] {logging_mixin.py:190} INFO - [2025-08-28T00:29:32.144+0000] {dag.py:4180} INFO - Setting next_dagrun for march_madness_predictions to None, run_after=None
[2025-08-28T00:29:32.154+0000] {processor.py:208} INFO - Processing /opt/airflow/dags/instructions.py took 0.052 seconds
[2025-08-28T00:30:02.345+0000] {processor.py:186} INFO - Started process (PID=70) to work on /opt/airflow/dags/instructions.py
[2025-08-28T00:30:02.346+0000] {processor.py:914} INFO - Processing file /opt/airflow/dags/instructions.py for tasks to queue
[2025-08-28T00:30:02.348+0000] {logging_mixin.py:190} INFO - [2025-08-28T00:30:02.348+0000] {dagbag.py:588} INFO - Filling up the DagBag from /opt/airflow/dags/instructions.py
[2025-08-28T00:30:02.359+0000] {processor.py:925} INFO - DAG(s) 'march_madness_predictions' retrieved from /opt/airflow/dags/instructions.py
[2025-08-28T00:30:02.374+0000] {logging_mixin.py:190} INFO - [2025-08-28T00:30:02.374+0000] {dag.py:3239} INFO - Sync 1 DAGs
[2025-08-28T00:30:02.381+0000] {logging_mixin.py:190} INFO - [2025-08-28T00:30:02.381+0000] {dag.py:4180} INFO - Setting next_dagrun for march_madness_predictions to None, run_after=None
[2025-08-28T00:30:02.391+0000] {processor.py:208} INFO - Processing /opt/airflow/dags/instructions.py took 0.052 seconds
[2025-08-28T00:30:34.190+0000] {processor.py:186} INFO - Started process (PID=399) to work on /opt/airflow/dags/instructions.py
[2025-08-28T00:30:34.191+0000] {processor.py:914} INFO - Processing file /opt/airflow/dags/instructions.py for tasks to queue
[2025-08-28T00:30:34.192+0000] {logging_mixin.py:190} INFO - [2025-08-28T00:30:34.192+0000] {dagbag.py:588} INFO - Filling up the DagBag from /opt/airflow/dags/instructions.py
[2025-08-28T00:30:34.198+0000] {processor.py:925} INFO - DAG(s) 'march_madness_predictions' retrieved from /opt/airflow/dags/instructions.py
[2025-08-28T00:30:34.208+0000] {logging_mixin.py:190} INFO - [2025-08-28T00:30:34.208+0000] {dag.py:3239} INFO - Sync 1 DAGs
[2025-08-28T00:30:34.213+0000] {logging_mixin.py:190} INFO - [2025-08-28T00:30:34.213+0000] {dag.py:4180} INFO - Setting next_dagrun for march_madness_predictions to None, run_after=None
[2025-08-28T00:30:34.220+0000] {processor.py:208} INFO - Processing /opt/airflow/dags/instructions.py took 0.033 seconds
[2025-08-28T00:31:05.335+0000] {processor.py:186} INFO - Started process (PID=514) to work on /opt/airflow/dags/instructions.py
[2025-08-28T00:31:05.338+0000] {processor.py:914} INFO - Processing file /opt/airflow/dags/instructions.py for tasks to queue
[2025-08-28T00:31:05.345+0000] {logging_mixin.py:190} INFO - [2025-08-28T00:31:05.343+0000] {dagbag.py:588} INFO - Filling up the DagBag from /opt/airflow/dags/instructions.py
[2025-08-28T00:31:05.362+0000] {processor.py:925} INFO - DAG(s) 'march_madness_predictions' retrieved from /opt/airflow/dags/instructions.py
[2025-08-28T00:31:05.383+0000] {logging_mixin.py:190} INFO - [2025-08-28T00:31:05.382+0000] {dag.py:3239} INFO - Sync 1 DAGs
[2025-08-28T00:31:05.389+0000] {logging_mixin.py:190} INFO - [2025-08-28T00:31:05.389+0000] {dag.py:4180} INFO - Setting next_dagrun for march_madness_predictions to None, run_after=None
[2025-08-28T00:31:05.397+0000] {processor.py:208} INFO - Processing /opt/airflow/dags/instructions.py took 0.071 seconds
[2025-08-28T00:31:35.452+0000] {processor.py:186} INFO - Started process (PID=515) to work on /opt/airflow/dags/instructions.py
[2025-08-28T00:31:35.453+0000] {processor.py:914} INFO - Processing file /opt/airflow/dags/instructions.py for tasks to queue
[2025-08-28T00:31:35.459+0000] {logging_mixin.py:190} INFO - [2025-08-28T00:31:35.458+0000] {dagbag.py:588} INFO - Filling up the DagBag from /opt/airflow/dags/instructions.py
[2025-08-28T00:31:35.468+0000] {processor.py:925} INFO - DAG(s) 'march_madness_predictions' retrieved from /opt/airflow/dags/instructions.py
[2025-08-28T00:31:35.485+0000] {logging_mixin.py:190} INFO - [2025-08-28T00:31:35.484+0000] {dag.py:3239} INFO - Sync 1 DAGs
[2025-08-28T00:31:35.491+0000] {logging_mixin.py:190} INFO - [2025-08-28T00:31:35.491+0000] {dag.py:4180} INFO - Setting next_dagrun for march_madness_predictions to None, run_after=None
[2025-08-28T00:31:35.502+0000] {processor.py:208} INFO - Processing /opt/airflow/dags/instructions.py took 0.056 seconds
[2025-08-28T00:32:05.578+0000] {processor.py:186} INFO - Started process (PID=516) to work on /opt/airflow/dags/instructions.py
[2025-08-28T00:32:05.580+0000] {processor.py:914} INFO - Processing file /opt/airflow/dags/instructions.py for tasks to queue
[2025-08-28T00:32:05.582+0000] {logging_mixin.py:190} INFO - [2025-08-28T00:32:05.582+0000] {dagbag.py:588} INFO - Filling up the DagBag from /opt/airflow/dags/instructions.py
[2025-08-28T00:32:05.596+0000] {processor.py:925} INFO - DAG(s) 'march_madness_predictions' retrieved from /opt/airflow/dags/instructions.py
[2025-08-28T00:32:05.611+0000] {logging_mixin.py:190} INFO - [2025-08-28T00:32:05.611+0000] {dag.py:3239} INFO - Sync 1 DAGs
[2025-08-28T00:32:05.619+0000] {logging_mixin.py:190} INFO - [2025-08-28T00:32:05.619+0000] {dag.py:4180} INFO - Setting next_dagrun for march_madness_predictions to None, run_after=None
[2025-08-28T00:32:05.629+0000] {processor.py:208} INFO - Processing /opt/airflow/dags/instructions.py took 0.060 seconds
[2025-08-28T00:32:36.713+0000] {processor.py:186} INFO - Started process (PID=517) to work on /opt/airflow/dags/instructions.py
[2025-08-28T00:32:36.715+0000] {processor.py:914} INFO - Processing file /opt/airflow/dags/instructions.py for tasks to queue
[2025-08-28T00:32:36.717+0000] {logging_mixin.py:190} INFO - [2025-08-28T00:32:36.717+0000] {dagbag.py:588} INFO - Filling up the DagBag from /opt/airflow/dags/instructions.py
[2025-08-28T00:32:36.728+0000] {processor.py:925} INFO - DAG(s) 'march_madness_predictions' retrieved from /opt/airflow/dags/instructions.py
[2025-08-28T00:32:36.745+0000] {logging_mixin.py:190} INFO - [2025-08-28T00:32:36.745+0000] {dag.py:3239} INFO - Sync 1 DAGs
[2025-08-28T00:32:36.752+0000] {logging_mixin.py:190} INFO - [2025-08-28T00:32:36.752+0000] {dag.py:4180} INFO - Setting next_dagrun for march_madness_predictions to None, run_after=None
[2025-08-28T00:32:36.765+0000] {processor.py:208} INFO - Processing /opt/airflow/dags/instructions.py took 0.059 seconds
[2025-08-28T00:33:07.859+0000] {processor.py:186} INFO - Started process (PID=518) to work on /opt/airflow/dags/instructions.py
[2025-08-28T00:33:07.860+0000] {processor.py:914} INFO - Processing file /opt/airflow/dags/instructions.py for tasks to queue
[2025-08-28T00:33:07.863+0000] {logging_mixin.py:190} INFO - [2025-08-28T00:33:07.862+0000] {dagbag.py:588} INFO - Filling up the DagBag from /opt/airflow/dags/instructions.py
[2025-08-28T00:33:07.873+0000] {processor.py:925} INFO - DAG(s) 'march_madness_predictions' retrieved from /opt/airflow/dags/instructions.py
[2025-08-28T00:33:07.889+0000] {logging_mixin.py:190} INFO - [2025-08-28T00:33:07.889+0000] {dag.py:3239} INFO - Sync 1 DAGs
[2025-08-28T00:33:07.897+0000] {logging_mixin.py:190} INFO - [2025-08-28T00:33:07.897+0000] {dag.py:4180} INFO - Setting next_dagrun for march_madness_predictions to None, run_after=None
[2025-08-28T00:33:07.908+0000] {processor.py:208} INFO - Processing /opt/airflow/dags/instructions.py took 0.055 seconds
[2025-08-28T00:33:38.965+0000] {processor.py:186} INFO - Started process (PID=519) to work on /opt/airflow/dags/instructions.py
[2025-08-28T00:33:38.967+0000] {processor.py:914} INFO - Processing file /opt/airflow/dags/instructions.py for tasks to queue
[2025-08-28T00:33:38.970+0000] {logging_mixin.py:190} INFO - [2025-08-28T00:33:38.969+0000] {dagbag.py:588} INFO - Filling up the DagBag from /opt/airflow/dags/instructions.py
[2025-08-28T00:33:38.982+0000] {processor.py:925} INFO - DAG(s) 'march_madness_predictions' retrieved from /opt/airflow/dags/instructions.py
[2025-08-28T00:33:38.997+0000] {logging_mixin.py:190} INFO - [2025-08-28T00:33:38.997+0000] {dag.py:3239} INFO - Sync 1 DAGs
[2025-08-28T00:33:39.004+0000] {logging_mixin.py:190} INFO - [2025-08-28T00:33:39.004+0000] {dag.py:4180} INFO - Setting next_dagrun for march_madness_predictions to None, run_after=None
[2025-08-28T00:33:39.014+0000] {processor.py:208} INFO - Processing /opt/airflow/dags/instructions.py took 0.056 seconds
[2025-08-28T00:34:09.147+0000] {processor.py:186} INFO - Started process (PID=520) to work on /opt/airflow/dags/instructions.py
[2025-08-28T00:34:09.148+0000] {processor.py:914} INFO - Processing file /opt/airflow/dags/instructions.py for tasks to queue
[2025-08-28T00:34:09.150+0000] {logging_mixin.py:190} INFO - [2025-08-28T00:34:09.150+0000] {dagbag.py:588} INFO - Filling up the DagBag from /opt/airflow/dags/instructions.py
[2025-08-28T00:34:09.162+0000] {processor.py:925} INFO - DAG(s) 'march_madness_predictions' retrieved from /opt/airflow/dags/instructions.py
[2025-08-28T00:34:09.177+0000] {logging_mixin.py:190} INFO - [2025-08-28T00:34:09.177+0000] {dag.py:3239} INFO - Sync 1 DAGs
[2025-08-28T00:34:09.184+0000] {logging_mixin.py:190} INFO - [2025-08-28T00:34:09.184+0000] {dag.py:4180} INFO - Setting next_dagrun for march_madness_predictions to None, run_after=None
[2025-08-28T00:34:09.194+0000] {processor.py:208} INFO - Processing /opt/airflow/dags/instructions.py took 0.056 seconds
[2025-08-28T00:34:51.995+0000] {processor.py:186} INFO - Started process (PID=49) to work on /opt/airflow/dags/instructions.py
[2025-08-28T00:34:51.997+0000] {processor.py:914} INFO - Processing file /opt/airflow/dags/instructions.py for tasks to queue
[2025-08-28T00:34:51.998+0000] {logging_mixin.py:190} INFO - [2025-08-28T00:34:51.998+0000] {dagbag.py:588} INFO - Filling up the DagBag from /opt/airflow/dags/instructions.py
[2025-08-28T00:34:52.003+0000] {processor.py:925} INFO - DAG(s) 'march_madness_predictions' retrieved from /opt/airflow/dags/instructions.py
[2025-08-28T00:34:52.124+0000] {logging_mixin.py:190} INFO - [2025-08-28T00:34:52.124+0000] {override.py:1900} INFO - Created Permission View: can edit on DAG:march_madness_predictions
[2025-08-28T00:34:52.128+0000] {logging_mixin.py:190} INFO - [2025-08-28T00:34:52.128+0000] {override.py:1900} INFO - Created Permission View: can read on DAG:march_madness_predictions
[2025-08-28T00:34:52.145+0000] {logging_mixin.py:190} INFO - [2025-08-28T00:34:52.144+0000] {override.py:1900} INFO - Created Permission View: can delete on DAG:march_madness_predictions
[2025-08-28T00:34:52.168+0000] {logging_mixin.py:190} INFO - [2025-08-28T00:34:52.168+0000] {override.py:1900} INFO - Created Permission View: menu access on DAG Run:march_madness_predictions
[2025-08-28T00:34:52.174+0000] {logging_mixin.py:190} INFO - [2025-08-28T00:34:52.174+0000] {override.py:1900} INFO - Created Permission View: can create on DAG Run:march_madness_predictions
[2025-08-28T00:34:52.182+0000] {logging_mixin.py:190} INFO - [2025-08-28T00:34:52.182+0000] {override.py:1900} INFO - Created Permission View: can read on DAG Run:march_madness_predictions
[2025-08-28T00:34:52.189+0000] {logging_mixin.py:190} INFO - [2025-08-28T00:34:52.189+0000] {override.py:1900} INFO - Created Permission View: can delete on DAG Run:march_madness_predictions
[2025-08-28T00:34:52.189+0000] {logging_mixin.py:190} INFO - [2025-08-28T00:34:52.189+0000] {dag.py:3239} INFO - Sync 1 DAGs
[2025-08-28T00:34:52.195+0000] {logging_mixin.py:190} INFO - [2025-08-28T00:34:52.195+0000] {dag.py:3262} INFO - Creating ORM DAG for march_madness_predictions
[2025-08-28T00:34:52.195+0000] {logging_mixin.py:190} INFO - [2025-08-28T00:34:52.195+0000] {dag.py:4180} INFO - Setting next_dagrun for march_madness_predictions to None, run_after=None
[2025-08-28T00:34:52.211+0000] {processor.py:208} INFO - Processing /opt/airflow/dags/instructions.py took 0.219 seconds
[2025-08-28T00:35:23.215+0000] {processor.py:186} INFO - Started process (PID=69) to work on /opt/airflow/dags/instructions.py
[2025-08-28T00:35:23.217+0000] {processor.py:914} INFO - Processing file /opt/airflow/dags/instructions.py for tasks to queue
[2025-08-28T00:35:23.220+0000] {logging_mixin.py:190} INFO - [2025-08-28T00:35:23.220+0000] {dagbag.py:588} INFO - Filling up the DagBag from /opt/airflow/dags/instructions.py
[2025-08-28T00:35:23.236+0000] {processor.py:925} INFO - DAG(s) 'march_madness_predictions' retrieved from /opt/airflow/dags/instructions.py
[2025-08-28T00:35:23.254+0000] {logging_mixin.py:190} INFO - [2025-08-28T00:35:23.253+0000] {dag.py:3239} INFO - Sync 1 DAGs
[2025-08-28T00:35:23.262+0000] {logging_mixin.py:190} INFO - [2025-08-28T00:35:23.262+0000] {dag.py:4180} INFO - Setting next_dagrun for march_madness_predictions to None, run_after=None
[2025-08-28T00:35:23.272+0000] {processor.py:208} INFO - Processing /opt/airflow/dags/instructions.py took 0.064 seconds
[2025-08-28T00:35:56.980+0000] {processor.py:186} INFO - Started process (PID=336) to work on /opt/airflow/dags/instructions.py
[2025-08-28T00:35:56.981+0000] {processor.py:914} INFO - Processing file /opt/airflow/dags/instructions.py for tasks to queue
[2025-08-28T00:35:56.982+0000] {logging_mixin.py:190} INFO - [2025-08-28T00:35:56.982+0000] {dagbag.py:588} INFO - Filling up the DagBag from /opt/airflow/dags/instructions.py
[2025-08-28T00:35:56.990+0000] {processor.py:925} INFO - DAG(s) 'march_madness_predictions' retrieved from /opt/airflow/dags/instructions.py
[2025-08-28T00:35:57.000+0000] {logging_mixin.py:190} INFO - [2025-08-28T00:35:57.000+0000] {dag.py:3239} INFO - Sync 1 DAGs
[2025-08-28T00:35:57.008+0000] {logging_mixin.py:190} INFO - [2025-08-28T00:35:57.007+0000] {dag.py:4180} INFO - Setting next_dagrun for march_madness_predictions to None, run_after=None
[2025-08-28T00:35:57.015+0000] {processor.py:208} INFO - Processing /opt/airflow/dags/instructions.py took 0.039 seconds
[2025-08-28T00:36:28.096+0000] {processor.py:186} INFO - Started process (PID=513) to work on /opt/airflow/dags/instructions.py
[2025-08-28T00:36:28.098+0000] {processor.py:914} INFO - Processing file /opt/airflow/dags/instructions.py for tasks to queue
[2025-08-28T00:36:28.100+0000] {logging_mixin.py:190} INFO - [2025-08-28T00:36:28.100+0000] {dagbag.py:588} INFO - Filling up the DagBag from /opt/airflow/dags/instructions.py
[2025-08-28T00:36:28.115+0000] {processor.py:925} INFO - DAG(s) 'march_madness_predictions' retrieved from /opt/airflow/dags/instructions.py
[2025-08-28T00:36:28.133+0000] {logging_mixin.py:190} INFO - [2025-08-28T00:36:28.133+0000] {dag.py:3239} INFO - Sync 1 DAGs
[2025-08-28T00:36:28.139+0000] {logging_mixin.py:190} INFO - [2025-08-28T00:36:28.139+0000] {dag.py:4180} INFO - Setting next_dagrun for march_madness_predictions to None, run_after=None
[2025-08-28T00:36:28.149+0000] {processor.py:208} INFO - Processing /opt/airflow/dags/instructions.py took 0.060 seconds
[2025-08-28T00:36:59.234+0000] {processor.py:186} INFO - Started process (PID=514) to work on /opt/airflow/dags/instructions.py
[2025-08-28T00:36:59.236+0000] {processor.py:914} INFO - Processing file /opt/airflow/dags/instructions.py for tasks to queue
[2025-08-28T00:36:59.239+0000] {logging_mixin.py:190} INFO - [2025-08-28T00:36:59.238+0000] {dagbag.py:588} INFO - Filling up the DagBag from /opt/airflow/dags/instructions.py
[2025-08-28T00:36:59.250+0000] {processor.py:925} INFO - DAG(s) 'march_madness_predictions' retrieved from /opt/airflow/dags/instructions.py
[2025-08-28T00:36:59.277+0000] {logging_mixin.py:190} INFO - [2025-08-28T00:36:59.277+0000] {dag.py:3239} INFO - Sync 1 DAGs
[2025-08-28T00:36:59.283+0000] {logging_mixin.py:190} INFO - [2025-08-28T00:36:59.283+0000] {dag.py:4180} INFO - Setting next_dagrun for march_madness_predictions to None, run_after=None
[2025-08-28T00:36:59.292+0000] {processor.py:208} INFO - Processing /opt/airflow/dags/instructions.py took 0.064 seconds
[2025-08-28T00:37:29.819+0000] {processor.py:186} INFO - Started process (PID=515) to work on /opt/airflow/dags/instructions.py
[2025-08-28T00:37:29.820+0000] {processor.py:914} INFO - Processing file /opt/airflow/dags/instructions.py for tasks to queue
[2025-08-28T00:37:29.824+0000] {logging_mixin.py:190} INFO - [2025-08-28T00:37:29.824+0000] {dagbag.py:588} INFO - Filling up the DagBag from /opt/airflow/dags/instructions.py
[2025-08-28T00:37:29.831+0000] {processor.py:925} INFO - DAG(s) 'march_madness_predictions' retrieved from /opt/airflow/dags/instructions.py
[2025-08-28T00:37:29.843+0000] {logging_mixin.py:190} INFO - [2025-08-28T00:37:29.843+0000] {dag.py:3239} INFO - Sync 1 DAGs
[2025-08-28T00:37:29.848+0000] {logging_mixin.py:190} INFO - [2025-08-28T00:37:29.848+0000] {dag.py:4180} INFO - Setting next_dagrun for march_madness_predictions to None, run_after=None
[2025-08-28T00:37:29.858+0000] {processor.py:208} INFO - Processing /opt/airflow/dags/instructions.py took 0.044 seconds
[2025-08-28T00:38:00.214+0000] {processor.py:186} INFO - Started process (PID=516) to work on /opt/airflow/dags/instructions.py
[2025-08-28T00:38:00.215+0000] {processor.py:914} INFO - Processing file /opt/airflow/dags/instructions.py for tasks to queue
[2025-08-28T00:38:00.217+0000] {logging_mixin.py:190} INFO - [2025-08-28T00:38:00.217+0000] {dagbag.py:588} INFO - Filling up the DagBag from /opt/airflow/dags/instructions.py
[2025-08-28T00:38:00.227+0000] {processor.py:925} INFO - DAG(s) 'march_madness_predictions' retrieved from /opt/airflow/dags/instructions.py
[2025-08-28T00:38:00.240+0000] {logging_mixin.py:190} INFO - [2025-08-28T00:38:00.240+0000] {dag.py:3239} INFO - Sync 1 DAGs
[2025-08-28T00:38:00.246+0000] {logging_mixin.py:190} INFO - [2025-08-28T00:38:00.246+0000] {dag.py:4180} INFO - Setting next_dagrun for march_madness_predictions to None, run_after=None
[2025-08-28T00:38:00.255+0000] {processor.py:208} INFO - Processing /opt/airflow/dags/instructions.py took 0.047 seconds
[2025-08-28T00:38:30.628+0000] {processor.py:186} INFO - Started process (PID=517) to work on /opt/airflow/dags/instructions.py
[2025-08-28T00:38:30.630+0000] {processor.py:914} INFO - Processing file /opt/airflow/dags/instructions.py for tasks to queue
[2025-08-28T00:38:30.632+0000] {logging_mixin.py:190} INFO - [2025-08-28T00:38:30.632+0000] {dagbag.py:588} INFO - Filling up the DagBag from /opt/airflow/dags/instructions.py
[2025-08-28T00:38:30.643+0000] {processor.py:925} INFO - DAG(s) 'march_madness_predictions' retrieved from /opt/airflow/dags/instructions.py
[2025-08-28T00:38:30.658+0000] {logging_mixin.py:190} INFO - [2025-08-28T00:38:30.658+0000] {dag.py:3239} INFO - Sync 1 DAGs
[2025-08-28T00:38:30.665+0000] {logging_mixin.py:190} INFO - [2025-08-28T00:38:30.665+0000] {dag.py:4180} INFO - Setting next_dagrun for march_madness_predictions to None, run_after=None
[2025-08-28T00:38:30.674+0000] {processor.py:208} INFO - Processing /opt/airflow/dags/instructions.py took 0.054 seconds
[2025-08-28T00:39:00.748+0000] {processor.py:186} INFO - Started process (PID=518) to work on /opt/airflow/dags/instructions.py
[2025-08-28T00:39:00.749+0000] {processor.py:914} INFO - Processing file /opt/airflow/dags/instructions.py for tasks to queue
[2025-08-28T00:39:00.751+0000] {logging_mixin.py:190} INFO - [2025-08-28T00:39:00.751+0000] {dagbag.py:588} INFO - Filling up the DagBag from /opt/airflow/dags/instructions.py
[2025-08-28T00:39:00.758+0000] {processor.py:925} INFO - DAG(s) 'march_madness_predictions' retrieved from /opt/airflow/dags/instructions.py
[2025-08-28T00:39:00.771+0000] {logging_mixin.py:190} INFO - [2025-08-28T00:39:00.771+0000] {dag.py:3239} INFO - Sync 1 DAGs
[2025-08-28T00:39:00.777+0000] {logging_mixin.py:190} INFO - [2025-08-28T00:39:00.777+0000] {dag.py:4180} INFO - Setting next_dagrun for march_madness_predictions to None, run_after=None
[2025-08-28T00:39:00.787+0000] {processor.py:208} INFO - Processing /opt/airflow/dags/instructions.py took 0.043 seconds
[2025-08-28T00:39:30.901+0000] {processor.py:186} INFO - Started process (PID=519) to work on /opt/airflow/dags/instructions.py
[2025-08-28T00:39:30.905+0000] {processor.py:914} INFO - Processing file /opt/airflow/dags/instructions.py for tasks to queue
[2025-08-28T00:39:30.907+0000] {logging_mixin.py:190} INFO - [2025-08-28T00:39:30.907+0000] {dagbag.py:588} INFO - Filling up the DagBag from /opt/airflow/dags/instructions.py
[2025-08-28T00:39:30.919+0000] {processor.py:925} INFO - DAG(s) 'march_madness_predictions' retrieved from /opt/airflow/dags/instructions.py
[2025-08-28T00:39:30.935+0000] {logging_mixin.py:190} INFO - [2025-08-28T00:39:30.935+0000] {dag.py:3239} INFO - Sync 1 DAGs
[2025-08-28T00:39:30.941+0000] {logging_mixin.py:190} INFO - [2025-08-28T00:39:30.941+0000] {dag.py:4180} INFO - Setting next_dagrun for march_madness_predictions to None, run_after=None
[2025-08-28T00:39:30.952+0000] {processor.py:208} INFO - Processing /opt/airflow/dags/instructions.py took 0.060 seconds
[2025-08-28T00:40:01.046+0000] {processor.py:186} INFO - Started process (PID=520) to work on /opt/airflow/dags/instructions.py
[2025-08-28T00:40:01.047+0000] {processor.py:914} INFO - Processing file /opt/airflow/dags/instructions.py for tasks to queue
[2025-08-28T00:40:01.049+0000] {logging_mixin.py:190} INFO - [2025-08-28T00:40:01.049+0000] {dagbag.py:588} INFO - Filling up the DagBag from /opt/airflow/dags/instructions.py
[2025-08-28T00:40:01.067+0000] {processor.py:925} INFO - DAG(s) 'march_madness_predictions' retrieved from /opt/airflow/dags/instructions.py
[2025-08-28T00:40:01.083+0000] {logging_mixin.py:190} INFO - [2025-08-28T00:40:01.082+0000] {dag.py:3239} INFO - Sync 1 DAGs
[2025-08-28T00:40:01.090+0000] {logging_mixin.py:190} INFO - [2025-08-28T00:40:01.090+0000] {dag.py:4180} INFO - Setting next_dagrun for march_madness_predictions to None, run_after=None
[2025-08-28T00:40:01.100+0000] {processor.py:208} INFO - Processing /opt/airflow/dags/instructions.py took 0.060 seconds
[2025-08-28T00:40:31.173+0000] {processor.py:186} INFO - Started process (PID=521) to work on /opt/airflow/dags/instructions.py
[2025-08-28T00:40:31.174+0000] {processor.py:914} INFO - Processing file /opt/airflow/dags/instructions.py for tasks to queue
[2025-08-28T00:40:31.176+0000] {logging_mixin.py:190} INFO - [2025-08-28T00:40:31.176+0000] {dagbag.py:588} INFO - Filling up the DagBag from /opt/airflow/dags/instructions.py
[2025-08-28T00:40:31.185+0000] {processor.py:925} INFO - DAG(s) 'march_madness_predictions' retrieved from /opt/airflow/dags/instructions.py
[2025-08-28T00:40:31.198+0000] {logging_mixin.py:190} INFO - [2025-08-28T00:40:31.198+0000] {dag.py:3239} INFO - Sync 1 DAGs
[2025-08-28T00:40:31.203+0000] {logging_mixin.py:190} INFO - [2025-08-28T00:40:31.203+0000] {dag.py:4180} INFO - Setting next_dagrun for march_madness_predictions to None, run_after=None
[2025-08-28T00:40:31.214+0000] {processor.py:208} INFO - Processing /opt/airflow/dags/instructions.py took 0.045 seconds
[2025-08-28T00:41:02.121+0000] {processor.py:186} INFO - Started process (PID=522) to work on /opt/airflow/dags/instructions.py
[2025-08-28T00:41:02.123+0000] {processor.py:914} INFO - Processing file /opt/airflow/dags/instructions.py for tasks to queue
[2025-08-28T00:41:02.125+0000] {logging_mixin.py:190} INFO - [2025-08-28T00:41:02.125+0000] {dagbag.py:588} INFO - Filling up the DagBag from /opt/airflow/dags/instructions.py
[2025-08-28T00:41:02.135+0000] {processor.py:925} INFO - DAG(s) 'march_madness_predictions' retrieved from /opt/airflow/dags/instructions.py
[2025-08-28T00:41:02.150+0000] {logging_mixin.py:190} INFO - [2025-08-28T00:41:02.150+0000] {dag.py:3239} INFO - Sync 1 DAGs
[2025-08-28T00:41:02.156+0000] {logging_mixin.py:190} INFO - [2025-08-28T00:41:02.156+0000] {dag.py:4180} INFO - Setting next_dagrun for march_madness_predictions to None, run_after=None
[2025-08-28T00:41:02.164+0000] {processor.py:208} INFO - Processing /opt/airflow/dags/instructions.py took 0.051 seconds
[2025-08-28T00:41:32.585+0000] {processor.py:186} INFO - Started process (PID=637) to work on /opt/airflow/dags/instructions.py
[2025-08-28T00:41:32.586+0000] {processor.py:914} INFO - Processing file /opt/airflow/dags/instructions.py for tasks to queue
[2025-08-28T00:41:32.589+0000] {logging_mixin.py:190} INFO - [2025-08-28T00:41:32.589+0000] {dagbag.py:588} INFO - Filling up the DagBag from /opt/airflow/dags/instructions.py
[2025-08-28T00:41:32.601+0000] {processor.py:925} INFO - DAG(s) 'march_madness_predictions' retrieved from /opt/airflow/dags/instructions.py
[2025-08-28T00:41:32.617+0000] {logging_mixin.py:190} INFO - [2025-08-28T00:41:32.617+0000] {dag.py:3239} INFO - Sync 1 DAGs
[2025-08-28T00:41:32.623+0000] {logging_mixin.py:190} INFO - [2025-08-28T00:41:32.623+0000] {dag.py:4180} INFO - Setting next_dagrun for march_madness_predictions to None, run_after=None
[2025-08-28T00:41:32.634+0000] {processor.py:208} INFO - Processing /opt/airflow/dags/instructions.py took 0.057 seconds
[2025-08-28T00:42:02.835+0000] {processor.py:186} INFO - Started process (PID=638) to work on /opt/airflow/dags/instructions.py
[2025-08-28T00:42:02.837+0000] {processor.py:914} INFO - Processing file /opt/airflow/dags/instructions.py for tasks to queue
[2025-08-28T00:42:02.840+0000] {logging_mixin.py:190} INFO - [2025-08-28T00:42:02.839+0000] {dagbag.py:588} INFO - Filling up the DagBag from /opt/airflow/dags/instructions.py
[2025-08-28T00:42:02.851+0000] {processor.py:925} INFO - DAG(s) 'march_madness_predictions' retrieved from /opt/airflow/dags/instructions.py
[2025-08-28T00:42:02.868+0000] {logging_mixin.py:190} INFO - [2025-08-28T00:42:02.868+0000] {dag.py:3239} INFO - Sync 1 DAGs
[2025-08-28T00:42:02.874+0000] {logging_mixin.py:190} INFO - [2025-08-28T00:42:02.874+0000] {dag.py:4180} INFO - Setting next_dagrun for march_madness_predictions to None, run_after=None
[2025-08-28T00:42:02.883+0000] {processor.py:208} INFO - Processing /opt/airflow/dags/instructions.py took 0.056 seconds
[2025-08-28T00:42:34.933+0000] {processor.py:186} INFO - Started process (PID=55) to work on /opt/airflow/dags/instructions.py
[2025-08-28T00:42:34.934+0000] {processor.py:914} INFO - Processing file /opt/airflow/dags/instructions.py for tasks to queue
[2025-08-28T00:42:34.935+0000] {logging_mixin.py:190} INFO - [2025-08-28T00:42:34.935+0000] {dagbag.py:588} INFO - Filling up the DagBag from /opt/airflow/dags/instructions.py
[2025-08-28T00:42:34.942+0000] {processor.py:925} INFO - DAG(s) 'march_madness_predictions' retrieved from /opt/airflow/dags/instructions.py
[2025-08-28T00:42:35.100+0000] {logging_mixin.py:190} INFO - [2025-08-28T00:42:35.100+0000] {override.py:1900} INFO - Created Permission View: can edit on DAG:march_madness_predictions
[2025-08-28T00:42:35.104+0000] {logging_mixin.py:190} INFO - [2025-08-28T00:42:35.104+0000] {override.py:1900} INFO - Created Permission View: can read on DAG:march_madness_predictions
[2025-08-28T00:42:35.110+0000] {logging_mixin.py:190} INFO - [2025-08-28T00:42:35.110+0000] {override.py:1900} INFO - Created Permission View: can delete on DAG:march_madness_predictions
[2025-08-28T00:42:35.115+0000] {logging_mixin.py:190} INFO - [2025-08-28T00:42:35.115+0000] {override.py:1900} INFO - Created Permission View: menu access on DAG Run:march_madness_predictions
[2025-08-28T00:42:35.119+0000] {logging_mixin.py:190} INFO - [2025-08-28T00:42:35.119+0000] {override.py:1900} INFO - Created Permission View: can create on DAG Run:march_madness_predictions
[2025-08-28T00:42:35.122+0000] {logging_mixin.py:190} INFO - [2025-08-28T00:42:35.121+0000] {override.py:1900} INFO - Created Permission View: can read on DAG Run:march_madness_predictions
[2025-08-28T00:42:35.124+0000] {logging_mixin.py:190} INFO - [2025-08-28T00:42:35.124+0000] {override.py:1900} INFO - Created Permission View: can delete on DAG Run:march_madness_predictions
[2025-08-28T00:42:35.124+0000] {logging_mixin.py:190} INFO - [2025-08-28T00:42:35.124+0000] {dag.py:3239} INFO - Sync 1 DAGs
[2025-08-28T00:42:35.130+0000] {logging_mixin.py:190} INFO - [2025-08-28T00:42:35.130+0000] {dag.py:3262} INFO - Creating ORM DAG for march_madness_predictions
[2025-08-28T00:42:35.130+0000] {logging_mixin.py:190} INFO - [2025-08-28T00:42:35.130+0000] {dag.py:4180} INFO - Setting next_dagrun for march_madness_predictions to None, run_after=None
[2025-08-28T00:42:35.137+0000] {processor.py:208} INFO - Processing /opt/airflow/dags/instructions.py took 0.207 seconds
[2025-08-28T00:43:07.192+0000] {processor.py:186} INFO - Started process (PID=131) to work on /opt/airflow/dags/instructions.py
[2025-08-28T00:43:07.192+0000] {processor.py:914} INFO - Processing file /opt/airflow/dags/instructions.py for tasks to queue
[2025-08-28T00:43:07.194+0000] {logging_mixin.py:190} INFO - [2025-08-28T00:43:07.193+0000] {dagbag.py:588} INFO - Filling up the DagBag from /opt/airflow/dags/instructions.py
[2025-08-28T00:43:07.201+0000] {processor.py:925} INFO - DAG(s) 'march_madness_predictions' retrieved from /opt/airflow/dags/instructions.py
[2025-08-28T00:43:07.211+0000] {logging_mixin.py:190} INFO - [2025-08-28T00:43:07.211+0000] {dag.py:3239} INFO - Sync 1 DAGs
[2025-08-28T00:43:07.217+0000] {logging_mixin.py:190} INFO - [2025-08-28T00:43:07.217+0000] {dag.py:4180} INFO - Setting next_dagrun for march_madness_predictions to None, run_after=None
[2025-08-28T00:43:07.226+0000] {processor.py:208} INFO - Processing /opt/airflow/dags/instructions.py took 0.037 seconds
[2025-08-28T00:43:37.527+0000] {processor.py:186} INFO - Started process (PID=512) to work on /opt/airflow/dags/instructions.py
[2025-08-28T00:43:37.529+0000] {processor.py:914} INFO - Processing file /opt/airflow/dags/instructions.py for tasks to queue
[2025-08-28T00:43:37.534+0000] {logging_mixin.py:190} INFO - [2025-08-28T00:43:37.533+0000] {dagbag.py:588} INFO - Filling up the DagBag from /opt/airflow/dags/instructions.py
[2025-08-28T00:43:37.549+0000] {processor.py:925} INFO - DAG(s) 'march_madness_predictions' retrieved from /opt/airflow/dags/instructions.py
[2025-08-28T00:43:37.568+0000] {logging_mixin.py:190} INFO - [2025-08-28T00:43:37.568+0000] {dag.py:3239} INFO - Sync 1 DAGs
[2025-08-28T00:43:37.580+0000] {logging_mixin.py:190} INFO - [2025-08-28T00:43:37.579+0000] {dag.py:4180} INFO - Setting next_dagrun for march_madness_predictions to None, run_after=None
[2025-08-28T00:43:37.591+0000] {processor.py:208} INFO - Processing /opt/airflow/dags/instructions.py took 0.072 seconds
[2025-08-28T00:44:07.785+0000] {processor.py:186} INFO - Started process (PID=513) to work on /opt/airflow/dags/instructions.py
[2025-08-28T00:44:07.787+0000] {processor.py:914} INFO - Processing file /opt/airflow/dags/instructions.py for tasks to queue
[2025-08-28T00:44:07.790+0000] {logging_mixin.py:190} INFO - [2025-08-28T00:44:07.790+0000] {dagbag.py:588} INFO - Filling up the DagBag from /opt/airflow/dags/instructions.py
[2025-08-28T00:44:07.806+0000] {processor.py:925} INFO - DAG(s) 'march_madness_predictions' retrieved from /opt/airflow/dags/instructions.py
[2025-08-28T00:44:07.823+0000] {logging_mixin.py:190} INFO - [2025-08-28T00:44:07.823+0000] {dag.py:3239} INFO - Sync 1 DAGs
[2025-08-28T00:44:07.832+0000] {logging_mixin.py:190} INFO - [2025-08-28T00:44:07.832+0000] {dag.py:4180} INFO - Setting next_dagrun for march_madness_predictions to None, run_after=None
[2025-08-28T00:44:07.841+0000] {processor.py:208} INFO - Processing /opt/airflow/dags/instructions.py took 0.065 seconds
[2025-08-28T00:44:38.027+0000] {processor.py:186} INFO - Started process (PID=514) to work on /opt/airflow/dags/instructions.py
[2025-08-28T00:44:38.028+0000] {processor.py:914} INFO - Processing file /opt/airflow/dags/instructions.py for tasks to queue
[2025-08-28T00:44:38.031+0000] {logging_mixin.py:190} INFO - [2025-08-28T00:44:38.030+0000] {dagbag.py:588} INFO - Filling up the DagBag from /opt/airflow/dags/instructions.py
[2025-08-28T00:44:38.040+0000] {processor.py:925} INFO - DAG(s) 'march_madness_predictions' retrieved from /opt/airflow/dags/instructions.py
[2025-08-28T00:44:38.054+0000] {logging_mixin.py:190} INFO - [2025-08-28T00:44:38.054+0000] {dag.py:3239} INFO - Sync 1 DAGs
[2025-08-28T00:44:38.060+0000] {logging_mixin.py:190} INFO - [2025-08-28T00:44:38.060+0000] {dag.py:4180} INFO - Setting next_dagrun for march_madness_predictions to None, run_after=None
[2025-08-28T00:44:38.069+0000] {processor.py:208} INFO - Processing /opt/airflow/dags/instructions.py took 0.048 seconds
[2025-08-28T00:45:08.281+0000] {processor.py:186} INFO - Started process (PID=515) to work on /opt/airflow/dags/instructions.py
[2025-08-28T00:45:08.282+0000] {processor.py:914} INFO - Processing file /opt/airflow/dags/instructions.py for tasks to queue
[2025-08-28T00:45:08.284+0000] {logging_mixin.py:190} INFO - [2025-08-28T00:45:08.283+0000] {dagbag.py:588} INFO - Filling up the DagBag from /opt/airflow/dags/instructions.py
[2025-08-28T00:45:08.294+0000] {processor.py:925} INFO - DAG(s) 'march_madness_predictions' retrieved from /opt/airflow/dags/instructions.py
[2025-08-28T00:45:08.306+0000] {logging_mixin.py:190} INFO - [2025-08-28T00:45:08.306+0000] {dag.py:3239} INFO - Sync 1 DAGs
[2025-08-28T00:45:08.311+0000] {logging_mixin.py:190} INFO - [2025-08-28T00:45:08.311+0000] {dag.py:4180} INFO - Setting next_dagrun for march_madness_predictions to None, run_after=None
[2025-08-28T00:45:08.320+0000] {processor.py:208} INFO - Processing /opt/airflow/dags/instructions.py took 0.044 seconds
[2025-08-28T00:45:38.522+0000] {processor.py:186} INFO - Started process (PID=516) to work on /opt/airflow/dags/instructions.py
[2025-08-28T00:45:38.523+0000] {processor.py:914} INFO - Processing file /opt/airflow/dags/instructions.py for tasks to queue
[2025-08-28T00:45:38.531+0000] {logging_mixin.py:190} INFO - [2025-08-28T00:45:38.528+0000] {dagbag.py:588} INFO - Filling up the DagBag from /opt/airflow/dags/instructions.py
[2025-08-28T00:45:38.541+0000] {processor.py:925} INFO - DAG(s) 'march_madness_predictions' retrieved from /opt/airflow/dags/instructions.py
[2025-08-28T00:45:38.557+0000] {logging_mixin.py:190} INFO - [2025-08-28T00:45:38.557+0000] {dag.py:3239} INFO - Sync 1 DAGs
[2025-08-28T00:45:38.564+0000] {logging_mixin.py:190} INFO - [2025-08-28T00:45:38.564+0000] {dag.py:4180} INFO - Setting next_dagrun for march_madness_predictions to None, run_after=None
[2025-08-28T00:45:38.574+0000] {processor.py:208} INFO - Processing /opt/airflow/dags/instructions.py took 0.059 seconds
[2025-08-28T00:46:08.783+0000] {processor.py:186} INFO - Started process (PID=517) to work on /opt/airflow/dags/instructions.py
[2025-08-28T00:46:08.784+0000] {processor.py:914} INFO - Processing file /opt/airflow/dags/instructions.py for tasks to queue
[2025-08-28T00:46:08.786+0000] {logging_mixin.py:190} INFO - [2025-08-28T00:46:08.786+0000] {dagbag.py:588} INFO - Filling up the DagBag from /opt/airflow/dags/instructions.py
[2025-08-28T00:46:08.795+0000] {processor.py:925} INFO - DAG(s) 'march_madness_predictions' retrieved from /opt/airflow/dags/instructions.py
[2025-08-28T00:46:08.809+0000] {logging_mixin.py:190} INFO - [2025-08-28T00:46:08.809+0000] {dag.py:3239} INFO - Sync 1 DAGs
[2025-08-28T00:46:08.814+0000] {logging_mixin.py:190} INFO - [2025-08-28T00:46:08.814+0000] {dag.py:4180} INFO - Setting next_dagrun for march_madness_predictions to None, run_after=None
[2025-08-28T00:46:08.824+0000] {processor.py:208} INFO - Processing /opt/airflow/dags/instructions.py took 0.046 seconds
[2025-08-28T00:46:39.036+0000] {processor.py:186} INFO - Started process (PID=518) to work on /opt/airflow/dags/instructions.py
[2025-08-28T00:46:39.037+0000] {processor.py:914} INFO - Processing file /opt/airflow/dags/instructions.py for tasks to queue
[2025-08-28T00:46:39.041+0000] {logging_mixin.py:190} INFO - [2025-08-28T00:46:39.040+0000] {dagbag.py:588} INFO - Filling up the DagBag from /opt/airflow/dags/instructions.py
[2025-08-28T00:46:39.053+0000] {processor.py:925} INFO - DAG(s) 'march_madness_predictions' retrieved from /opt/airflow/dags/instructions.py
[2025-08-28T00:46:39.069+0000] {logging_mixin.py:190} INFO - [2025-08-28T00:46:39.069+0000] {dag.py:3239} INFO - Sync 1 DAGs
[2025-08-28T00:46:39.076+0000] {logging_mixin.py:190} INFO - [2025-08-28T00:46:39.076+0000] {dag.py:4180} INFO - Setting next_dagrun for march_madness_predictions to None, run_after=None
[2025-08-28T00:46:39.087+0000] {processor.py:208} INFO - Processing /opt/airflow/dags/instructions.py took 0.057 seconds
[2025-08-28T00:47:09.206+0000] {processor.py:186} INFO - Started process (PID=519) to work on /opt/airflow/dags/instructions.py
[2025-08-28T00:47:09.207+0000] {processor.py:914} INFO - Processing file /opt/airflow/dags/instructions.py for tasks to queue
[2025-08-28T00:47:09.208+0000] {logging_mixin.py:190} INFO - [2025-08-28T00:47:09.208+0000] {dagbag.py:588} INFO - Filling up the DagBag from /opt/airflow/dags/instructions.py
[2025-08-28T00:47:09.214+0000] {processor.py:925} INFO - DAG(s) 'march_madness_predictions' retrieved from /opt/airflow/dags/instructions.py
[2025-08-28T00:47:09.226+0000] {logging_mixin.py:190} INFO - [2025-08-28T00:47:09.226+0000] {dag.py:3239} INFO - Sync 1 DAGs
[2025-08-28T00:47:09.232+0000] {logging_mixin.py:190} INFO - [2025-08-28T00:47:09.232+0000] {dag.py:4180} INFO - Setting next_dagrun for march_madness_predictions to None, run_after=None
[2025-08-28T00:47:09.245+0000] {processor.py:208} INFO - Processing /opt/airflow/dags/instructions.py took 0.042 seconds
[2025-08-28T00:47:39.444+0000] {processor.py:186} INFO - Started process (PID=520) to work on /opt/airflow/dags/instructions.py
[2025-08-28T00:47:39.445+0000] {processor.py:914} INFO - Processing file /opt/airflow/dags/instructions.py for tasks to queue
[2025-08-28T00:47:39.448+0000] {logging_mixin.py:190} INFO - [2025-08-28T00:47:39.447+0000] {dagbag.py:588} INFO - Filling up the DagBag from /opt/airflow/dags/instructions.py
[2025-08-28T00:47:39.462+0000] {processor.py:925} INFO - DAG(s) 'march_madness_predictions' retrieved from /opt/airflow/dags/instructions.py
[2025-08-28T00:47:39.480+0000] {logging_mixin.py:190} INFO - [2025-08-28T00:47:39.480+0000] {dag.py:3239} INFO - Sync 1 DAGs
[2025-08-28T00:47:39.488+0000] {logging_mixin.py:190} INFO - [2025-08-28T00:47:39.488+0000] {dag.py:4180} INFO - Setting next_dagrun for march_madness_predictions to None, run_after=None
[2025-08-28T00:47:39.499+0000] {processor.py:208} INFO - Processing /opt/airflow/dags/instructions.py took 0.064 seconds
[2025-08-28T00:48:09.646+0000] {processor.py:186} INFO - Started process (PID=521) to work on /opt/airflow/dags/instructions.py
[2025-08-28T00:48:09.647+0000] {processor.py:914} INFO - Processing file /opt/airflow/dags/instructions.py for tasks to queue
[2025-08-28T00:48:09.649+0000] {logging_mixin.py:190} INFO - [2025-08-28T00:48:09.648+0000] {dagbag.py:588} INFO - Filling up the DagBag from /opt/airflow/dags/instructions.py
[2025-08-28T00:48:09.657+0000] {processor.py:925} INFO - DAG(s) 'march_madness_predictions' retrieved from /opt/airflow/dags/instructions.py
[2025-08-28T00:48:09.670+0000] {logging_mixin.py:190} INFO - [2025-08-28T00:48:09.670+0000] {dag.py:3239} INFO - Sync 1 DAGs
[2025-08-28T00:48:09.678+0000] {logging_mixin.py:190} INFO - [2025-08-28T00:48:09.678+0000] {dag.py:4180} INFO - Setting next_dagrun for march_madness_predictions to None, run_after=None
[2025-08-28T00:48:09.687+0000] {processor.py:208} INFO - Processing /opt/airflow/dags/instructions.py took 0.050 seconds
[2025-08-28T00:48:39.869+0000] {processor.py:186} INFO - Started process (PID=522) to work on /opt/airflow/dags/instructions.py
[2025-08-28T00:48:39.870+0000] {processor.py:914} INFO - Processing file /opt/airflow/dags/instructions.py for tasks to queue
[2025-08-28T00:48:39.872+0000] {logging_mixin.py:190} INFO - [2025-08-28T00:48:39.871+0000] {dagbag.py:588} INFO - Filling up the DagBag from /opt/airflow/dags/instructions.py
[2025-08-28T00:48:39.880+0000] {processor.py:925} INFO - DAG(s) 'march_madness_predictions' retrieved from /opt/airflow/dags/instructions.py
[2025-08-28T00:48:39.894+0000] {logging_mixin.py:190} INFO - [2025-08-28T00:48:39.894+0000] {dag.py:3239} INFO - Sync 1 DAGs
[2025-08-28T00:48:39.901+0000] {logging_mixin.py:190} INFO - [2025-08-28T00:48:39.901+0000] {dag.py:4180} INFO - Setting next_dagrun for march_madness_predictions to None, run_after=None
[2025-08-28T00:48:39.912+0000] {processor.py:208} INFO - Processing /opt/airflow/dags/instructions.py took 0.048 seconds
[2025-08-28T00:49:10.092+0000] {processor.py:186} INFO - Started process (PID=523) to work on /opt/airflow/dags/instructions.py
[2025-08-28T00:49:10.093+0000] {processor.py:914} INFO - Processing file /opt/airflow/dags/instructions.py for tasks to queue
[2025-08-28T00:49:10.096+0000] {logging_mixin.py:190} INFO - [2025-08-28T00:49:10.095+0000] {dagbag.py:588} INFO - Filling up the DagBag from /opt/airflow/dags/instructions.py
[2025-08-28T00:49:10.105+0000] {processor.py:925} INFO - DAG(s) 'march_madness_predictions' retrieved from /opt/airflow/dags/instructions.py
[2025-08-28T00:49:10.119+0000] {logging_mixin.py:190} INFO - [2025-08-28T00:49:10.119+0000] {dag.py:3239} INFO - Sync 1 DAGs
[2025-08-28T00:49:10.125+0000] {logging_mixin.py:190} INFO - [2025-08-28T00:49:10.125+0000] {dag.py:4180} INFO - Setting next_dagrun for march_madness_predictions to None, run_after=None
[2025-08-28T00:49:10.135+0000] {processor.py:208} INFO - Processing /opt/airflow/dags/instructions.py took 0.049 seconds
[2025-08-28T00:49:40.329+0000] {processor.py:186} INFO - Started process (PID=524) to work on /opt/airflow/dags/instructions.py
[2025-08-28T00:49:40.330+0000] {processor.py:914} INFO - Processing file /opt/airflow/dags/instructions.py for tasks to queue
[2025-08-28T00:49:40.333+0000] {logging_mixin.py:190} INFO - [2025-08-28T00:49:40.333+0000] {dagbag.py:588} INFO - Filling up the DagBag from /opt/airflow/dags/instructions.py
[2025-08-28T00:49:40.346+0000] {processor.py:925} INFO - DAG(s) 'march_madness_predictions' retrieved from /opt/airflow/dags/instructions.py
[2025-08-28T00:49:40.369+0000] {logging_mixin.py:190} INFO - [2025-08-28T00:49:40.369+0000] {dag.py:3239} INFO - Sync 1 DAGs
[2025-08-28T00:49:40.376+0000] {logging_mixin.py:190} INFO - [2025-08-28T00:49:40.375+0000] {dag.py:4180} INFO - Setting next_dagrun for march_madness_predictions to None, run_after=None
[2025-08-28T00:49:40.385+0000] {processor.py:208} INFO - Processing /opt/airflow/dags/instructions.py took 0.066 seconds
[2025-08-28T00:50:10.555+0000] {processor.py:186} INFO - Started process (PID=525) to work on /opt/airflow/dags/instructions.py
[2025-08-28T00:50:10.556+0000] {processor.py:914} INFO - Processing file /opt/airflow/dags/instructions.py for tasks to queue
[2025-08-28T00:50:10.559+0000] {logging_mixin.py:190} INFO - [2025-08-28T00:50:10.559+0000] {dagbag.py:588} INFO - Filling up the DagBag from /opt/airflow/dags/instructions.py
[2025-08-28T00:50:10.570+0000] {processor.py:925} INFO - DAG(s) 'march_madness_predictions' retrieved from /opt/airflow/dags/instructions.py
[2025-08-28T00:50:10.584+0000] {logging_mixin.py:190} INFO - [2025-08-28T00:50:10.584+0000] {dag.py:3239} INFO - Sync 1 DAGs
[2025-08-28T00:50:10.590+0000] {logging_mixin.py:190} INFO - [2025-08-28T00:50:10.590+0000] {dag.py:4180} INFO - Setting next_dagrun for march_madness_predictions to None, run_after=None
[2025-08-28T00:50:10.599+0000] {processor.py:208} INFO - Processing /opt/airflow/dags/instructions.py took 0.053 seconds
[2025-08-28T00:50:40.767+0000] {processor.py:186} INFO - Started process (PID=526) to work on /opt/airflow/dags/instructions.py
[2025-08-28T00:50:40.768+0000] {processor.py:914} INFO - Processing file /opt/airflow/dags/instructions.py for tasks to queue
[2025-08-28T00:50:40.771+0000] {logging_mixin.py:190} INFO - [2025-08-28T00:50:40.771+0000] {dagbag.py:588} INFO - Filling up the DagBag from /opt/airflow/dags/instructions.py
[2025-08-28T00:50:40.780+0000] {processor.py:925} INFO - DAG(s) 'march_madness_predictions' retrieved from /opt/airflow/dags/instructions.py
[2025-08-28T00:50:40.796+0000] {logging_mixin.py:190} INFO - [2025-08-28T00:50:40.796+0000] {dag.py:3239} INFO - Sync 1 DAGs
[2025-08-28T00:50:40.803+0000] {logging_mixin.py:190} INFO - [2025-08-28T00:50:40.803+0000] {dag.py:4180} INFO - Setting next_dagrun for march_madness_predictions to None, run_after=None
[2025-08-28T00:50:40.814+0000] {processor.py:208} INFO - Processing /opt/airflow/dags/instructions.py took 0.053 seconds
[2025-08-28T00:51:22.410+0000] {processor.py:186} INFO - Started process (PID=49) to work on /opt/airflow/dags/instructions.py
[2025-08-28T00:51:22.412+0000] {processor.py:914} INFO - Processing file /opt/airflow/dags/instructions.py for tasks to queue
[2025-08-28T00:51:22.414+0000] {logging_mixin.py:190} INFO - [2025-08-28T00:51:22.413+0000] {dagbag.py:588} INFO - Filling up the DagBag from /opt/airflow/dags/instructions.py
[2025-08-28T00:51:22.421+0000] {processor.py:925} INFO - DAG(s) 'march_madness_predictions' retrieved from /opt/airflow/dags/instructions.py
[2025-08-28T00:51:22.626+0000] {logging_mixin.py:190} INFO - [2025-08-28T00:51:22.626+0000] {override.py:1900} INFO - Created Permission View: can edit on DAG:march_madness_predictions
[2025-08-28T00:51:22.630+0000] {logging_mixin.py:190} INFO - [2025-08-28T00:51:22.630+0000] {override.py:1900} INFO - Created Permission View: can delete on DAG:march_madness_predictions
[2025-08-28T00:51:22.633+0000] {logging_mixin.py:190} INFO - [2025-08-28T00:51:22.633+0000] {override.py:1900} INFO - Created Permission View: can read on DAG:march_madness_predictions
[2025-08-28T00:51:22.638+0000] {logging_mixin.py:190} INFO - [2025-08-28T00:51:22.638+0000] {override.py:1900} INFO - Created Permission View: can create on DAG Run:march_madness_predictions
[2025-08-28T00:51:22.640+0000] {logging_mixin.py:190} INFO - [2025-08-28T00:51:22.640+0000] {override.py:1900} INFO - Created Permission View: menu access on DAG Run:march_madness_predictions
[2025-08-28T00:51:22.643+0000] {logging_mixin.py:190} INFO - [2025-08-28T00:51:22.643+0000] {override.py:1900} INFO - Created Permission View: can read on DAG Run:march_madness_predictions
[2025-08-28T00:51:22.645+0000] {logging_mixin.py:190} INFO - [2025-08-28T00:51:22.645+0000] {override.py:1900} INFO - Created Permission View: can delete on DAG Run:march_madness_predictions
[2025-08-28T00:51:22.646+0000] {logging_mixin.py:190} INFO - [2025-08-28T00:51:22.645+0000] {dag.py:3239} INFO - Sync 1 DAGs
[2025-08-28T00:51:22.650+0000] {logging_mixin.py:190} INFO - [2025-08-28T00:51:22.650+0000] {dag.py:3262} INFO - Creating ORM DAG for march_madness_predictions
[2025-08-28T00:51:22.651+0000] {logging_mixin.py:190} INFO - [2025-08-28T00:51:22.651+0000] {dag.py:4180} INFO - Setting next_dagrun for march_madness_predictions to None, run_after=None
[2025-08-28T00:51:22.657+0000] {processor.py:208} INFO - Processing /opt/airflow/dags/instructions.py took 0.250 seconds
[2025-08-28T00:51:58.380+0000] {processor.py:186} INFO - Started process (PID=366) to work on /opt/airflow/dags/instructions.py
[2025-08-28T00:51:58.381+0000] {processor.py:914} INFO - Processing file /opt/airflow/dags/instructions.py for tasks to queue
[2025-08-28T00:51:58.382+0000] {logging_mixin.py:190} INFO - [2025-08-28T00:51:58.382+0000] {dagbag.py:588} INFO - Filling up the DagBag from /opt/airflow/dags/instructions.py
[2025-08-28T00:51:58.388+0000] {processor.py:925} INFO - DAG(s) 'march_madness_predictions' retrieved from /opt/airflow/dags/instructions.py
[2025-08-28T00:51:58.397+0000] {logging_mixin.py:190} INFO - [2025-08-28T00:51:58.397+0000] {dag.py:3239} INFO - Sync 1 DAGs
[2025-08-28T00:51:58.403+0000] {logging_mixin.py:190} INFO - [2025-08-28T00:51:58.403+0000] {dag.py:4180} INFO - Setting next_dagrun for march_madness_predictions to None, run_after=None
[2025-08-28T00:51:58.410+0000] {processor.py:208} INFO - Processing /opt/airflow/dags/instructions.py took 0.033 seconds
[2025-08-28T00:52:28.924+0000] {processor.py:186} INFO - Started process (PID=486) to work on /opt/airflow/dags/instructions.py
[2025-08-28T00:52:28.925+0000] {processor.py:914} INFO - Processing file /opt/airflow/dags/instructions.py for tasks to queue
[2025-08-28T00:52:28.929+0000] {logging_mixin.py:190} INFO - [2025-08-28T00:52:28.928+0000] {dagbag.py:588} INFO - Filling up the DagBag from /opt/airflow/dags/instructions.py
[2025-08-28T00:52:28.942+0000] {processor.py:925} INFO - DAG(s) 'march_madness_predictions' retrieved from /opt/airflow/dags/instructions.py
[2025-08-28T00:52:28.959+0000] {logging_mixin.py:190} INFO - [2025-08-28T00:52:28.959+0000] {dag.py:3239} INFO - Sync 1 DAGs
[2025-08-28T00:52:28.968+0000] {logging_mixin.py:190} INFO - [2025-08-28T00:52:28.968+0000] {dag.py:4180} INFO - Setting next_dagrun for march_madness_predictions to None, run_after=None
[2025-08-28T00:52:28.978+0000] {processor.py:208} INFO - Processing /opt/airflow/dags/instructions.py took 0.063 seconds
[2025-08-28T00:52:50.162+0000] {processor.py:186} INFO - Started process (PID=49) to work on /opt/airflow/dags/instructions.py
[2025-08-28T00:52:50.163+0000] {processor.py:914} INFO - Processing file /opt/airflow/dags/instructions.py for tasks to queue
[2025-08-28T00:52:50.164+0000] {logging_mixin.py:190} INFO - [2025-08-28T00:52:50.164+0000] {dagbag.py:588} INFO - Filling up the DagBag from /opt/airflow/dags/instructions.py
[2025-08-28T00:52:50.169+0000] {processor.py:925} INFO - DAG(s) 'march_madness_predictions' retrieved from /opt/airflow/dags/instructions.py
[2025-08-28T00:52:50.290+0000] {logging_mixin.py:190} INFO - [2025-08-28T00:52:50.290+0000] {override.py:1900} INFO - Created Permission View: can read on DAG:march_madness_predictions
[2025-08-28T00:52:50.321+0000] {logging_mixin.py:190} INFO - [2025-08-28T00:52:50.321+0000] {override.py:1900} INFO - Created Permission View: can edit on DAG:march_madness_predictions
[2025-08-28T00:52:50.372+0000] {logging_mixin.py:190} INFO - [2025-08-28T00:52:50.371+0000] {override.py:1900} INFO - Created Permission View: can delete on DAG:march_madness_predictions
[2025-08-28T00:52:50.385+0000] {logging_mixin.py:190} INFO - [2025-08-28T00:52:50.384+0000] {override.py:1900} INFO - Created Permission View: can read on DAG Run:march_madness_predictions
[2025-08-28T00:52:50.390+0000] {logging_mixin.py:190} INFO - [2025-08-28T00:52:50.390+0000] {override.py:1900} INFO - Created Permission View: menu access on DAG Run:march_madness_predictions
[2025-08-28T00:52:50.393+0000] {logging_mixin.py:190} INFO - [2025-08-28T00:52:50.393+0000] {override.py:1900} INFO - Created Permission View: can create on DAG Run:march_madness_predictions
[2025-08-28T00:52:50.396+0000] {logging_mixin.py:190} INFO - [2025-08-28T00:52:50.396+0000] {override.py:1900} INFO - Created Permission View: can delete on DAG Run:march_madness_predictions
[2025-08-28T00:52:50.396+0000] {logging_mixin.py:190} INFO - [2025-08-28T00:52:50.396+0000] {dag.py:3239} INFO - Sync 1 DAGs
[2025-08-28T00:52:50.401+0000] {logging_mixin.py:190} INFO - [2025-08-28T00:52:50.401+0000] {dag.py:3262} INFO - Creating ORM DAG for march_madness_predictions
[2025-08-28T00:52:50.401+0000] {logging_mixin.py:190} INFO - [2025-08-28T00:52:50.401+0000] {dag.py:4180} INFO - Setting next_dagrun for march_madness_predictions to None, run_after=None
[2025-08-28T00:52:50.409+0000] {processor.py:208} INFO - Processing /opt/airflow/dags/instructions.py took 0.250 seconds
[2025-08-28T00:53:21.359+0000] {processor.py:186} INFO - Started process (PID=69) to work on /opt/airflow/dags/instructions.py
[2025-08-28T00:53:21.360+0000] {processor.py:914} INFO - Processing file /opt/airflow/dags/instructions.py for tasks to queue
[2025-08-28T00:53:21.362+0000] {logging_mixin.py:190} INFO - [2025-08-28T00:53:21.361+0000] {dagbag.py:588} INFO - Filling up the DagBag from /opt/airflow/dags/instructions.py
[2025-08-28T00:53:21.370+0000] {processor.py:925} INFO - DAG(s) 'march_madness_predictions' retrieved from /opt/airflow/dags/instructions.py
[2025-08-28T00:53:21.383+0000] {logging_mixin.py:190} INFO - [2025-08-28T00:53:21.383+0000] {dag.py:3239} INFO - Sync 1 DAGs
[2025-08-28T00:53:21.391+0000] {logging_mixin.py:190} INFO - [2025-08-28T00:53:21.391+0000] {dag.py:4180} INFO - Setting next_dagrun for march_madness_predictions to None, run_after=None
[2025-08-28T00:53:21.401+0000] {processor.py:208} INFO - Processing /opt/airflow/dags/instructions.py took 0.046 seconds
[2025-08-28T00:53:51.948+0000] {processor.py:186} INFO - Started process (PID=101) to work on /opt/airflow/dags/instructions.py
[2025-08-28T00:53:51.949+0000] {processor.py:914} INFO - Processing file /opt/airflow/dags/instructions.py for tasks to queue
[2025-08-28T00:53:51.950+0000] {logging_mixin.py:190} INFO - [2025-08-28T00:53:51.950+0000] {dagbag.py:588} INFO - Filling up the DagBag from /opt/airflow/dags/instructions.py
[2025-08-28T00:53:51.955+0000] {processor.py:925} INFO - DAG(s) 'march_madness_predictions' retrieved from /opt/airflow/dags/instructions.py
[2025-08-28T00:53:51.964+0000] {logging_mixin.py:190} INFO - [2025-08-28T00:53:51.964+0000] {dag.py:3239} INFO - Sync 1 DAGs
[2025-08-28T00:53:51.970+0000] {logging_mixin.py:190} INFO - [2025-08-28T00:53:51.969+0000] {dag.py:4180} INFO - Setting next_dagrun for march_madness_predictions to None, run_after=None
[2025-08-28T00:53:51.976+0000] {processor.py:208} INFO - Processing /opt/airflow/dags/instructions.py took 0.032 seconds
[2025-08-28T00:54:22.423+0000] {processor.py:186} INFO - Started process (PID=513) to work on /opt/airflow/dags/instructions.py
[2025-08-28T00:54:22.425+0000] {processor.py:914} INFO - Processing file /opt/airflow/dags/instructions.py for tasks to queue
[2025-08-28T00:54:22.428+0000] {logging_mixin.py:190} INFO - [2025-08-28T00:54:22.428+0000] {dagbag.py:588} INFO - Filling up the DagBag from /opt/airflow/dags/instructions.py
[2025-08-28T00:54:22.441+0000] {processor.py:925} INFO - DAG(s) 'march_madness_predictions' retrieved from /opt/airflow/dags/instructions.py
[2025-08-28T00:54:22.458+0000] {logging_mixin.py:190} INFO - [2025-08-28T00:54:22.458+0000] {dag.py:3239} INFO - Sync 1 DAGs
[2025-08-28T00:54:22.465+0000] {logging_mixin.py:190} INFO - [2025-08-28T00:54:22.464+0000] {dag.py:4180} INFO - Setting next_dagrun for march_madness_predictions to None, run_after=None
[2025-08-28T00:54:22.475+0000] {processor.py:208} INFO - Processing /opt/airflow/dags/instructions.py took 0.063 seconds
