[2025-08-28T13:07:06.400+0000] {local_task_job_runner.py:123} INFO - ::group::Pre task execution logs
[2025-08-28T13:07:06.403+0000] {taskinstance.py:2612} INFO - Dependencies all met for dep_context=non-requeueable deps ti=<TaskInstance: march_madness_predictions.preprocess_train manual__2025-08-28T13:06:40+00:00 [queued]>
[2025-08-28T13:07:06.405+0000] {taskinstance.py:2612} INFO - Dependencies all met for dep_context=requeueable deps ti=<TaskInstance: march_madness_predictions.preprocess_train manual__2025-08-28T13:06:40+00:00 [queued]>
[2025-08-28T13:07:06.405+0000] {taskinstance.py:2865} INFO - Starting attempt 1 of 2
[2025-08-28T13:07:06.409+0000] {taskinstance.py:2888} INFO - Executing <Task(BashOperator): preprocess_train> on 2025-08-28 13:06:40+00:00
[2025-08-28T13:07:06.411+0000] {standard_task_runner.py:72} INFO - Started process 83 to run task
[2025-08-28T13:07:06.413+0000] {standard_task_runner.py:104} INFO - Running: ['airflow', 'tasks', 'run', 'march_madness_predictions', 'preprocess_train', 'manual__2025-08-28T13:06:40+00:00', '--job-id', '2', '--raw', '--subdir', 'DAGS_FOLDER/instructions.py', '--cfg-path', '/tmp/tmpm1zavwk4']
[2025-08-28T13:07:06.414+0000] {standard_task_runner.py:105} INFO - Job 2: Subtask preprocess_train
[2025-08-28T13:07:06.429+0000] {task_command.py:467} INFO - Running <TaskInstance: march_madness_predictions.preprocess_train manual__2025-08-28T13:06:40+00:00 [running]> on host 8a4470dd26e0
[2025-08-28T13:07:06.450+0000] {taskinstance.py:3131} INFO - Exporting env vars: AIRFLOW_CTX_DAG_OWNER='airflow' AIRFLOW_CTX_DAG_ID='march_madness_predictions' AIRFLOW_CTX_TASK_ID='preprocess_train' AIRFLOW_CTX_EXECUTION_DATE='2025-08-28T13:06:40+00:00' AIRFLOW_CTX_TRY_NUMBER='1' AIRFLOW_CTX_DAG_RUN_ID='manual__2025-08-28T13:06:40+00:00'
[2025-08-28T13:07:06.451+0000] {taskinstance.py:731} INFO - ::endgroup::
[2025-08-28T13:07:06.464+0000] {subprocess.py:63} INFO - Tmp dir root location: /tmp
[2025-08-28T13:07:06.465+0000] {subprocess.py:75} INFO - Running command: ['/usr/bin/bash', '-c', 'python /opt/airflow/scripts/preprocess_training.py']
[2025-08-28T13:07:06.467+0000] {subprocess.py:86} INFO - Output:
[2025-08-28T13:07:07.211+0000] {subprocess.py:93} INFO - /opt/airflow/scripts/preprocess_training.py:45: FutureWarning: Setting an item of incompatible dtype is deprecated and will raise in a future error of pandas. Value '0.16666666666666666' has dtype incompatible with int64, please explicitly cast to a compatible dtype first.
[2025-08-28T13:07:07.217+0000] {subprocess.py:93} INFO -   mmkp.loc[(mmkp['Team'] == 'Wisconsin') & (mmkp['Year'] == 2002), 'Winner'] = 1/6
[2025-08-28T13:07:07.335+0000] {subprocess.py:97} INFO - Command exited with return code 0
[2025-08-28T13:07:07.342+0000] {taskinstance.py:340} INFO - ::group::Post task execution logs
[2025-08-28T13:07:07.342+0000] {taskinstance.py:352} INFO - Marking task as SUCCESS. dag_id=march_madness_predictions, task_id=preprocess_train, run_id=manual__2025-08-28T13:06:40+00:00, execution_date=20250828T130640, start_date=20250828T130706, end_date=20250828T130707
[2025-08-28T13:07:07.357+0000] {local_task_job_runner.py:266} INFO - Task exited with return code 0
[2025-08-28T13:07:07.368+0000] {taskinstance.py:3900} INFO - 1 downstream tasks scheduled from follow-on schedule check
[2025-08-28T13:07:07.370+0000] {local_task_job_runner.py:245} INFO - ::endgroup::
