[2025-08-27T17:40:17.681+0000] {local_task_job_runner.py:123} INFO - ::group::Pre task execution logs
[2025-08-27T17:40:17.684+0000] {taskinstance.py:2612} INFO - Dependencies all met for dep_context=non-requeueable deps ti=<TaskInstance: ml_pipeline_simple.train manual__2025-08-27T17:40:04.445060+00:00 [queued]>
[2025-08-27T17:40:17.686+0000] {taskinstance.py:2612} INFO - Dependencies all met for dep_context=requeueable deps ti=<TaskInstance: ml_pipeline_simple.train manual__2025-08-27T17:40:04.445060+00:00 [queued]>
[2025-08-27T17:40:17.686+0000] {taskinstance.py:2865} INFO - Starting attempt 1 of 2
[2025-08-27T17:40:17.690+0000] {taskinstance.py:2888} INFO - Executing <Task(BashOperator): train> on 2025-08-27 17:40:04.445060+00:00
[2025-08-27T17:40:17.692+0000] {standard_task_runner.py:72} INFO - Started process 247 to run task
[2025-08-27T17:40:17.693+0000] {standard_task_runner.py:104} INFO - Running: ['airflow', 'tasks', 'run', 'ml_pipeline_simple', 'train', 'manual__2025-08-27T17:40:04.445060+00:00', '--job-id', '5', '--raw', '--subdir', 'DAGS_FOLDER/instructions.py', '--cfg-path', '/tmp/tmpepk4elgr']
[2025-08-27T17:40:17.694+0000] {standard_task_runner.py:105} INFO - Job 5: Subtask train
[2025-08-27T17:40:17.706+0000] {task_command.py:467} INFO - Running <TaskInstance: ml_pipeline_simple.train manual__2025-08-27T17:40:04.445060+00:00 [running]> on host 5987ed996c62
[2025-08-27T17:40:17.729+0000] {taskinstance.py:3131} INFO - Exporting env vars: AIRFLOW_CTX_DAG_OWNER='airflow' AIRFLOW_CTX_DAG_ID='ml_pipeline_simple' AIRFLOW_CTX_TASK_ID='train' AIRFLOW_CTX_EXECUTION_DATE='2025-08-27T17:40:04.445060+00:00' AIRFLOW_CTX_TRY_NUMBER='1' AIRFLOW_CTX_DAG_RUN_ID='manual__2025-08-27T17:40:04.445060+00:00'
[2025-08-27T17:40:17.729+0000] {taskinstance.py:731} INFO - ::endgroup::
[2025-08-27T17:40:17.734+0000] {subprocess.py:63} INFO - Tmp dir root location: /tmp
[2025-08-27T17:40:17.735+0000] {subprocess.py:75} INFO - Running command: ['/usr/bin/bash', '-c', 'python /opt/airflow/scripts/train.py']
[2025-08-27T17:40:17.738+0000] {subprocess.py:86} INFO - Output:
[2025-08-27T17:40:18.296+0000] {subprocess.py:93} INFO - Fitting 5 folds for each of 30 candidates, totalling 150 fits
[2025-08-27T17:40:23.281+0000] {subprocess.py:93} INFO - Best Parameters: {'subsample': 0.6, 'reg_lambda': 2, 'reg_alpha': 0, 'n_estimators': 300, 'max_depth': 3, 'learning_rate': 0.05, 'gamma': 0, 'colsample_bytree': 1.0}
[2025-08-27T17:40:23.281+0000] {subprocess.py:93} INFO - Mean MSE: 0.017414 with Std of 0.002231
[2025-08-27T17:40:23.282+0000] {subprocess.py:93} INFO - Mean MAE: 0.091897
[2025-08-27T17:40:23.282+0000] {subprocess.py:93} INFO - Mean RMSE: 0.131690
[2025-08-27T17:40:23.289+0000] {subprocess.py:93} INFO - Mean R²: 0.640821
[2025-08-27T17:40:23.546+0000] {subprocess.py:97} INFO - Command exited with return code 0
[2025-08-27T17:40:23.555+0000] {taskinstance.py:340} INFO - ::group::Post task execution logs
[2025-08-27T17:40:23.555+0000] {taskinstance.py:352} INFO - Marking task as SUCCESS. dag_id=ml_pipeline_simple, task_id=train, run_id=manual__2025-08-27T17:40:04.445060+00:00, execution_date=20250827T174004, start_date=20250827T174017, end_date=20250827T174023
[2025-08-27T17:40:23.595+0000] {local_task_job_runner.py:266} INFO - Task exited with return code 0
[2025-08-27T17:40:23.602+0000] {taskinstance.py:3900} INFO - 1 downstream tasks scheduled from follow-on schedule check
[2025-08-27T17:40:23.603+0000] {local_task_job_runner.py:245} INFO - ::endgroup::
