[2025-08-28T00:51:46.642+0000] {local_task_job_runner.py:123} INFO - ::group::Pre task execution logs
[2025-08-28T00:51:46.645+0000] {taskinstance.py:2612} INFO - Dependencies all met for dep_context=non-requeueable deps ti=<TaskInstance: march_madness_predictions.preprocess_train manual__2025-08-28T00:51:43.132411+00:00 [queued]>
[2025-08-28T00:51:46.647+0000] {taskinstance.py:2612} INFO - Dependencies all met for dep_context=requeueable deps ti=<TaskInstance: march_madness_predictions.preprocess_train manual__2025-08-28T00:51:43.132411+00:00 [queued]>
[2025-08-28T00:51:46.647+0000] {taskinstance.py:2865} INFO - Starting attempt 1 of 2
[2025-08-28T00:51:46.651+0000] {taskinstance.py:2888} INFO - Executing <Task(BashOperator): preprocess_train> on 2025-08-28 00:51:43.132411+00:00
[2025-08-28T00:51:46.653+0000] {standard_task_runner.py:72} INFO - Started process 114 to run task
[2025-08-28T00:51:46.655+0000] {standard_task_runner.py:104} INFO - Running: ['airflow', 'tasks', 'run', 'march_madness_predictions', 'preprocess_train', 'manual__2025-08-28T00:51:43.132411+00:00', '--job-id', '3', '--raw', '--subdir', 'DAGS_FOLDER/instructions.py', '--cfg-path', '/tmp/tmpmgpk37_t']
[2025-08-28T00:51:46.655+0000] {standard_task_runner.py:105} INFO - Job 3: Subtask preprocess_train
[2025-08-28T00:51:46.668+0000] {task_command.py:467} INFO - Running <TaskInstance: march_madness_predictions.preprocess_train manual__2025-08-28T00:51:43.132411+00:00 [running]> on host 9a779ed102bc
[2025-08-28T00:51:46.685+0000] {taskinstance.py:3131} INFO - Exporting env vars: AIRFLOW_CTX_DAG_OWNER='airflow' AIRFLOW_CTX_DAG_ID='march_madness_predictions' AIRFLOW_CTX_TASK_ID='preprocess_train' AIRFLOW_CTX_EXECUTION_DATE='2025-08-28T00:51:43.132411+00:00' AIRFLOW_CTX_TRY_NUMBER='1' AIRFLOW_CTX_DAG_RUN_ID='manual__2025-08-28T00:51:43.132411+00:00'
[2025-08-28T00:51:46.685+0000] {taskinstance.py:731} INFO - ::endgroup::
[2025-08-28T00:51:46.690+0000] {subprocess.py:63} INFO - Tmp dir root location: /tmp
[2025-08-28T00:51:46.691+0000] {subprocess.py:75} INFO - Running command: ['/usr/bin/bash', '-c', 'python /opt/airflow/scripts/preprocess_training.py']
[2025-08-28T00:51:46.693+0000] {subprocess.py:86} INFO - Output:
[2025-08-28T00:51:46.997+0000] {subprocess.py:93} INFO - /opt/airflow/scripts/preprocess_training.py:45: FutureWarning: Setting an item of incompatible dtype is deprecated and will raise in a future error of pandas. Value '0.16666666666666666' has dtype incompatible with int64, please explicitly cast to a compatible dtype first.
[2025-08-28T00:51:46.997+0000] {subprocess.py:93} INFO -   mmkp.loc[(mmkp['Team'] == 'Wisconsin') & (mmkp['Year'] == 2002), 'Winner'] = 1/6
[2025-08-28T00:51:47.118+0000] {subprocess.py:97} INFO - Command exited with return code 0
[2025-08-28T00:51:47.125+0000] {taskinstance.py:340} INFO - ::group::Post task execution logs
[2025-08-28T00:51:47.126+0000] {taskinstance.py:352} INFO - Marking task as SUCCESS. dag_id=march_madness_predictions, task_id=preprocess_train, run_id=manual__2025-08-28T00:51:43.132411+00:00, execution_date=20250828T005143, start_date=20250828T005146, end_date=20250828T005147
[2025-08-28T00:51:47.141+0000] {local_task_job_runner.py:266} INFO - Task exited with return code 0
[2025-08-28T00:51:47.149+0000] {taskinstance.py:3900} INFO - 1 downstream tasks scheduled from follow-on schedule check
[2025-08-28T00:51:47.151+0000] {local_task_job_runner.py:245} INFO - ::endgroup::
